[2024-04-19 04:06:49] This is codeql database index-files --include-extension=.yaml --include-extension=.yml --size-limit=5m --language yaml -- C:\Users\minhd\OneDrive\Desktop\codeql demo\db
[2024-04-19 04:06:49] Log file was started late.
[2024-04-19 04:06:49] Using index-files script C:\Users\minhd\OneDrive\Desktop\NCKHKT\codeql-win64\codeql\yaml\tools\index-files.cmd.
[2024-04-19 04:06:49] [PROGRESS] database index-files> Scanning for files in C:\Users\minhd\OneDrive\Desktop\codeql demo...
[2024-04-19 04:06:49] Calling plumbing command: codeql resolve files --include-extension=.yaml --include-extension=.yml --size-limit=5m C:\Users\minhd\OneDrive\Desktop\codeql demo --format=json
[2024-04-19 04:06:49] [PROGRESS] resolve files> Scanning C:\Users\minhd\OneDrive\Desktop\codeql demo...
[2024-04-19 04:06:49] [PROGRESS] resolve files> Scanning C:\Users\minhd\OneDrive\Desktop\codeql demo\.git...
[2024-04-19 04:06:49] [PROGRESS] resolve files> Scanning C:\Users\minhd\OneDrive\Desktop\codeql demo\.git\hooks...
[2024-04-19 04:06:49] [PROGRESS] resolve files> Scanning C:\Users\minhd\OneDrive\Desktop\codeql demo\.git\info...
[2024-04-19 04:06:49] [PROGRESS] resolve files> Scanning C:\Users\minhd\OneDrive\Desktop\codeql demo\.git\logs...
[2024-04-19 04:06:49] [PROGRESS] resolve files> Scanning C:\Users\minhd\OneDrive\Desktop\codeql demo\.git\logs\refs...
[2024-04-19 04:06:49] [PROGRESS] resolve files> Scanning C:\Users\minhd\OneDrive\Desktop\codeql demo\.git\logs\refs\heads...
[2024-04-19 04:06:49] [PROGRESS] resolve files> Scanning C:\Users\minhd\OneDrive\Desktop\codeql demo\.git\logs\refs\remotes...
[2024-04-19 04:06:49] [PROGRESS] resolve files> Scanning C:\Users\minhd\OneDrive\Desktop\codeql demo\.git\logs\refs\remotes\origin...
[2024-04-19 04:06:49] [PROGRESS] resolve files> Scanning C:\Users\minhd\OneDrive\Desktop\codeql demo\.git\objects...
[2024-04-19 04:06:49] [PROGRESS] resolve files> Scanning C:\Users\minhd\OneDrive\Desktop\codeql demo\.git\objects\00...
[2024-04-19 04:06:49] [PROGRESS] resolve files> Scanning C:\Users\minhd\OneDrive\Desktop\codeql demo\.git\objects\01...
[2024-04-19 04:06:49] [PROGRESS] resolve files> Scanning C:\Users\minhd\OneDrive\Desktop\codeql demo\.git\objects\03...
[2024-04-19 04:06:49] [PROGRESS] resolve files> Scanning C:\Users\minhd\OneDrive\Desktop\codeql demo\.git\objects\04...
[2024-04-19 04:06:49] [PROGRESS] resolve files> Scanning C:\Users\minhd\OneDrive\Desktop\codeql demo\.git\objects\05...
[2024-04-19 04:06:49] [PROGRESS] resolve files> Scanning C:\Users\minhd\OneDrive\Desktop\codeql demo\.git\objects\06...
[2024-04-19 04:06:49] [PROGRESS] resolve files> Scanning C:\Users\minhd\OneDrive\Desktop\codeql demo\.git\objects\07...
[2024-04-19 04:06:49] [PROGRESS] resolve files> Scanning C:\Users\minhd\OneDrive\Desktop\codeql demo\.git\objects\08...
[2024-04-19 04:06:49] [PROGRESS] resolve files> Scanning C:\Users\minhd\OneDrive\Desktop\codeql demo\.git\objects\09...
[2024-04-19 04:06:49] [PROGRESS] resolve files> Scanning C:\Users\minhd\OneDrive\Desktop\codeql demo\.git\objects\0a...
[2024-04-19 04:06:49] [PROGRESS] resolve files> Scanning C:\Users\minhd\OneDrive\Desktop\codeql demo\.git\objects\0b...
[2024-04-19 04:06:49] [PROGRESS] resolve files> Scanning C:\Users\minhd\OneDrive\Desktop\codeql demo\.git\objects\0c...
[2024-04-19 04:06:49] [PROGRESS] resolve files> Scanning C:\Users\minhd\OneDrive\Desktop\codeql demo\.git\objects\0d...
[2024-04-19 04:06:49] [PROGRESS] resolve files> Scanning C:\Users\minhd\OneDrive\Desktop\codeql demo\.git\objects\0e...
[2024-04-19 04:06:49] [PROGRESS] resolve files> Scanning C:\Users\minhd\OneDrive\Desktop\codeql demo\.git\objects\0f...
[2024-04-19 04:06:49] [PROGRESS] resolve files> Scanning C:\Users\minhd\OneDrive\Desktop\codeql demo\.git\objects\10...
[2024-04-19 04:06:49] [PROGRESS] resolve files> Scanning C:\Users\minhd\OneDrive\Desktop\codeql demo\.git\objects\11...
[2024-04-19 04:06:49] [PROGRESS] resolve files> Scanning C:\Users\minhd\OneDrive\Desktop\codeql demo\.git\objects\12...
[2024-04-19 04:06:49] [PROGRESS] resolve files> Scanning C:\Users\minhd\OneDrive\Desktop\codeql demo\.git\objects\13...
[2024-04-19 04:06:49] [PROGRESS] resolve files> Scanning C:\Users\minhd\OneDrive\Desktop\codeql demo\.git\objects\14...
[2024-04-19 04:06:49] [PROGRESS] resolve files> Scanning C:\Users\minhd\OneDrive\Desktop\codeql demo\.git\objects\15...
[2024-04-19 04:06:49] [PROGRESS] resolve files> Scanning C:\Users\minhd\OneDrive\Desktop\codeql demo\.git\objects\16...
[2024-04-19 04:06:49] [PROGRESS] resolve files> Scanning C:\Users\minhd\OneDrive\Desktop\codeql demo\.git\objects\17...
[2024-04-19 04:06:49] [PROGRESS] resolve files> Scanning C:\Users\minhd\OneDrive\Desktop\codeql demo\.git\objects\18...
[2024-04-19 04:06:49] [PROGRESS] resolve files> Scanning C:\Users\minhd\OneDrive\Desktop\codeql demo\.git\objects\19...
[2024-04-19 04:06:49] [PROGRESS] resolve files> Scanning C:\Users\minhd\OneDrive\Desktop\codeql demo\.git\objects\1a...
[2024-04-19 04:06:49] [PROGRESS] resolve files> Scanning C:\Users\minhd\OneDrive\Desktop\codeql demo\.git\objects\1b...
[2024-04-19 04:06:49] [PROGRESS] resolve files> Scanning C:\Users\minhd\OneDrive\Desktop\codeql demo\.git\objects\1d...
[2024-04-19 04:06:49] [PROGRESS] resolve files> Scanning C:\Users\minhd\OneDrive\Desktop\codeql demo\.git\objects\1e...
[2024-04-19 04:06:49] [PROGRESS] resolve files> Scanning C:\Users\minhd\OneDrive\Desktop\codeql demo\.git\objects\1f...
[2024-04-19 04:06:49] [PROGRESS] resolve files> Scanning C:\Users\minhd\OneDrive\Desktop\codeql demo\.git\objects\20...
[2024-04-19 04:06:49] [PROGRESS] resolve files> Scanning C:\Users\minhd\OneDrive\Desktop\codeql demo\.git\objects\21...
[2024-04-19 04:06:49] [PROGRESS] resolve files> Scanning C:\Users\minhd\OneDrive\Desktop\codeql demo\.git\objects\23...
[2024-04-19 04:06:49] [PROGRESS] resolve files> Scanning C:\Users\minhd\OneDrive\Desktop\codeql demo\.git\objects\24...
[2024-04-19 04:06:49] [PROGRESS] resolve files> Scanning C:\Users\minhd\OneDrive\Desktop\codeql demo\.git\objects\25...
[2024-04-19 04:06:49] [PROGRESS] resolve files> Scanning C:\Users\minhd\OneDrive\Desktop\codeql demo\.git\objects\26...
[2024-04-19 04:06:49] [PROGRESS] resolve files> Scanning C:\Users\minhd\OneDrive\Desktop\codeql demo\.git\objects\27...
[2024-04-19 04:06:49] [PROGRESS] resolve files> Scanning C:\Users\minhd\OneDrive\Desktop\codeql demo\.git\objects\28...
[2024-04-19 04:06:49] [PROGRESS] resolve files> Scanning C:\Users\minhd\OneDrive\Desktop\codeql demo\.git\objects\29...
[2024-04-19 04:06:49] [PROGRESS] resolve files> Scanning C:\Users\minhd\OneDrive\Desktop\codeql demo\.git\objects\2a...
[2024-04-19 04:06:49] [PROGRESS] resolve files> Scanning C:\Users\minhd\OneDrive\Desktop\codeql demo\.git\objects\2b...
[2024-04-19 04:06:49] [PROGRESS] resolve files> Scanning C:\Users\minhd\OneDrive\Desktop\codeql demo\.git\objects\2c...
[2024-04-19 04:06:49] [PROGRESS] resolve files> Scanning C:\Users\minhd\OneDrive\Desktop\codeql demo\.git\objects\2d...
[2024-04-19 04:06:49] [PROGRESS] resolve files> Scanning C:\Users\minhd\OneDrive\Desktop\codeql demo\.git\objects\2e...
[2024-04-19 04:06:49] [PROGRESS] resolve files> Scanning C:\Users\minhd\OneDrive\Desktop\codeql demo\.git\objects\2f...
[2024-04-19 04:06:49] [PROGRESS] resolve files> Scanning C:\Users\minhd\OneDrive\Desktop\codeql demo\.git\objects\30...
[2024-04-19 04:06:49] [PROGRESS] resolve files> Scanning C:\Users\minhd\OneDrive\Desktop\codeql demo\.git\objects\31...
[2024-04-19 04:06:49] [PROGRESS] resolve files> Scanning C:\Users\minhd\OneDrive\Desktop\codeql demo\.git\objects\32...
[2024-04-19 04:06:49] [PROGRESS] resolve files> Scanning C:\Users\minhd\OneDrive\Desktop\codeql demo\.git\objects\33...
[2024-04-19 04:06:49] [PROGRESS] resolve files> Scanning C:\Users\minhd\OneDrive\Desktop\codeql demo\.git\objects\34...
[2024-04-19 04:06:49] [PROGRESS] resolve files> Scanning C:\Users\minhd\OneDrive\Desktop\codeql demo\.git\objects\35...
[2024-04-19 04:06:49] [PROGRESS] resolve files> Scanning C:\Users\minhd\OneDrive\Desktop\codeql demo\.git\objects\36...
[2024-04-19 04:06:49] [PROGRESS] resolve files> Scanning C:\Users\minhd\OneDrive\Desktop\codeql demo\.git\objects\37...
[2024-04-19 04:06:49] [PROGRESS] resolve files> Scanning C:\Users\minhd\OneDrive\Desktop\codeql demo\.git\objects\38...
[2024-04-19 04:06:49] [PROGRESS] resolve files> Scanning C:\Users\minhd\OneDrive\Desktop\codeql demo\.git\objects\39...
[2024-04-19 04:06:49] [PROGRESS] resolve files> Scanning C:\Users\minhd\OneDrive\Desktop\codeql demo\.git\objects\3a...
[2024-04-19 04:06:49] [PROGRESS] resolve files> Scanning C:\Users\minhd\OneDrive\Desktop\codeql demo\.git\objects\3b...
[2024-04-19 04:06:49] [PROGRESS] resolve files> Scanning C:\Users\minhd\OneDrive\Desktop\codeql demo\.git\objects\3c...
[2024-04-19 04:06:49] [PROGRESS] resolve files> Scanning C:\Users\minhd\OneDrive\Desktop\codeql demo\.git\objects\3d...
[2024-04-19 04:06:49] [PROGRESS] resolve files> Scanning C:\Users\minhd\OneDrive\Desktop\codeql demo\.git\objects\3e...
[2024-04-19 04:06:49] [PROGRESS] resolve files> Scanning C:\Users\minhd\OneDrive\Desktop\codeql demo\.git\objects\3f...
[2024-04-19 04:06:49] [PROGRESS] resolve files> Scanning C:\Users\minhd\OneDrive\Desktop\codeql demo\.git\objects\40...
[2024-04-19 04:06:49] [PROGRESS] resolve files> Scanning C:\Users\minhd\OneDrive\Desktop\codeql demo\.git\objects\41...
[2024-04-19 04:06:49] [PROGRESS] resolve files> Scanning C:\Users\minhd\OneDrive\Desktop\codeql demo\.git\objects\42...
[2024-04-19 04:06:49] [PROGRESS] resolve files> Scanning C:\Users\minhd\OneDrive\Desktop\codeql demo\.git\objects\43...
[2024-04-19 04:06:49] [PROGRESS] resolve files> Scanning C:\Users\minhd\OneDrive\Desktop\codeql demo\.git\objects\44...
[2024-04-19 04:06:49] [PROGRESS] resolve files> Scanning C:\Users\minhd\OneDrive\Desktop\codeql demo\.git\objects\45...
[2024-04-19 04:06:49] [PROGRESS] resolve files> Scanning C:\Users\minhd\OneDrive\Desktop\codeql demo\.git\objects\46...
[2024-04-19 04:06:49] [PROGRESS] resolve files> Scanning C:\Users\minhd\OneDrive\Desktop\codeql demo\.git\objects\47...
[2024-04-19 04:06:49] [PROGRESS] resolve files> Scanning C:\Users\minhd\OneDrive\Desktop\codeql demo\.git\objects\48...
[2024-04-19 04:06:49] [PROGRESS] resolve files> Scanning C:\Users\minhd\OneDrive\Desktop\codeql demo\.git\objects\49...
[2024-04-19 04:06:49] [PROGRESS] resolve files> Scanning C:\Users\minhd\OneDrive\Desktop\codeql demo\.git\objects\4a...
[2024-04-19 04:06:49] [PROGRESS] resolve files> Scanning C:\Users\minhd\OneDrive\Desktop\codeql demo\.git\objects\4b...
[2024-04-19 04:06:49] [PROGRESS] resolve files> Scanning C:\Users\minhd\OneDrive\Desktop\codeql demo\.git\objects\4c...
[2024-04-19 04:06:49] [PROGRESS] resolve files> Scanning C:\Users\minhd\OneDrive\Desktop\codeql demo\.git\objects\4d...
[2024-04-19 04:06:49] [PROGRESS] resolve files> Scanning C:\Users\minhd\OneDrive\Desktop\codeql demo\.git\objects\4e...
[2024-04-19 04:06:49] [PROGRESS] resolve files> Scanning C:\Users\minhd\OneDrive\Desktop\codeql demo\.git\objects\4f...
[2024-04-19 04:06:49] [PROGRESS] resolve files> Scanning C:\Users\minhd\OneDrive\Desktop\codeql demo\.git\objects\50...
[2024-04-19 04:06:49] [PROGRESS] resolve files> Scanning C:\Users\minhd\OneDrive\Desktop\codeql demo\.git\objects\51...
[2024-04-19 04:06:49] [PROGRESS] resolve files> Scanning C:\Users\minhd\OneDrive\Desktop\codeql demo\.git\objects\52...
[2024-04-19 04:06:49] [PROGRESS] resolve files> Scanning C:\Users\minhd\OneDrive\Desktop\codeql demo\.git\objects\54...
[2024-04-19 04:06:49] [PROGRESS] resolve files> Scanning C:\Users\minhd\OneDrive\Desktop\codeql demo\.git\objects\55...
[2024-04-19 04:06:49] [PROGRESS] resolve files> Scanning C:\Users\minhd\OneDrive\Desktop\codeql demo\.git\objects\56...
[2024-04-19 04:06:49] [PROGRESS] resolve files> Scanning C:\Users\minhd\OneDrive\Desktop\codeql demo\.git\objects\57...
[2024-04-19 04:06:49] [PROGRESS] resolve files> Scanning C:\Users\minhd\OneDrive\Desktop\codeql demo\.git\objects\58...
[2024-04-19 04:06:49] [PROGRESS] resolve files> Scanning C:\Users\minhd\OneDrive\Desktop\codeql demo\.git\objects\59...
[2024-04-19 04:06:49] [PROGRESS] resolve files> Scanning C:\Users\minhd\OneDrive\Desktop\codeql demo\.git\objects\5a...
[2024-04-19 04:06:49] [PROGRESS] resolve files> Scanning C:\Users\minhd\OneDrive\Desktop\codeql demo\.git\objects\5b...
[2024-04-19 04:06:49] [PROGRESS] resolve files> Scanning C:\Users\minhd\OneDrive\Desktop\codeql demo\.git\objects\5c...
[2024-04-19 04:06:49] [PROGRESS] resolve files> Scanning C:\Users\minhd\OneDrive\Desktop\codeql demo\.git\objects\5d...
[2024-04-19 04:06:49] [PROGRESS] resolve files> Scanning C:\Users\minhd\OneDrive\Desktop\codeql demo\.git\objects\5e...
[2024-04-19 04:06:49] [PROGRESS] resolve files> Scanning C:\Users\minhd\OneDrive\Desktop\codeql demo\.git\objects\5f...
[2024-04-19 04:06:49] [PROGRESS] resolve files> Scanning C:\Users\minhd\OneDrive\Desktop\codeql demo\.git\objects\60...
[2024-04-19 04:06:49] [PROGRESS] resolve files> Scanning C:\Users\minhd\OneDrive\Desktop\codeql demo\.git\objects\61...
[2024-04-19 04:06:49] [PROGRESS] resolve files> Scanning C:\Users\minhd\OneDrive\Desktop\codeql demo\.git\objects\62...
[2024-04-19 04:06:49] [PROGRESS] resolve files> Scanning C:\Users\minhd\OneDrive\Desktop\codeql demo\.git\objects\63...
[2024-04-19 04:06:49] [PROGRESS] resolve files> Scanning C:\Users\minhd\OneDrive\Desktop\codeql demo\.git\objects\64...
[2024-04-19 04:06:49] [PROGRESS] resolve files> Scanning C:\Users\minhd\OneDrive\Desktop\codeql demo\.git\objects\65...
[2024-04-19 04:06:49] [PROGRESS] resolve files> Scanning C:\Users\minhd\OneDrive\Desktop\codeql demo\.git\objects\66...
[2024-04-19 04:06:49] [PROGRESS] resolve files> Scanning C:\Users\minhd\OneDrive\Desktop\codeql demo\.git\objects\67...
[2024-04-19 04:06:49] [PROGRESS] resolve files> Scanning C:\Users\minhd\OneDrive\Desktop\codeql demo\.git\objects\68...
[2024-04-19 04:06:49] [PROGRESS] resolve files> Scanning C:\Users\minhd\OneDrive\Desktop\codeql demo\.git\objects\69...
[2024-04-19 04:06:49] [PROGRESS] resolve files> Scanning C:\Users\minhd\OneDrive\Desktop\codeql demo\.git\objects\6a...
[2024-04-19 04:06:49] [PROGRESS] resolve files> Scanning C:\Users\minhd\OneDrive\Desktop\codeql demo\.git\objects\6b...
[2024-04-19 04:06:49] [PROGRESS] resolve files> Scanning C:\Users\minhd\OneDrive\Desktop\codeql demo\.git\objects\6d...
[2024-04-19 04:06:49] [PROGRESS] resolve files> Scanning C:\Users\minhd\OneDrive\Desktop\codeql demo\.git\objects\6e...
[2024-04-19 04:06:49] [PROGRESS] resolve files> Scanning C:\Users\minhd\OneDrive\Desktop\codeql demo\.git\objects\6f...
[2024-04-19 04:06:49] [PROGRESS] resolve files> Scanning C:\Users\minhd\OneDrive\Desktop\codeql demo\.git\objects\70...
[2024-04-19 04:06:49] [PROGRESS] resolve files> Scanning C:\Users\minhd\OneDrive\Desktop\codeql demo\.git\objects\71...
[2024-04-19 04:06:49] [PROGRESS] resolve files> Scanning C:\Users\minhd\OneDrive\Desktop\codeql demo\.git\objects\72...
[2024-04-19 04:06:49] [PROGRESS] resolve files> Scanning C:\Users\minhd\OneDrive\Desktop\codeql demo\.git\objects\73...
[2024-04-19 04:06:49] [PROGRESS] resolve files> Scanning C:\Users\minhd\OneDrive\Desktop\codeql demo\.git\objects\74...
[2024-04-19 04:06:49] [PROGRESS] resolve files> Scanning C:\Users\minhd\OneDrive\Desktop\codeql demo\.git\objects\75...
[2024-04-19 04:06:49] [PROGRESS] resolve files> Scanning C:\Users\minhd\OneDrive\Desktop\codeql demo\.git\objects\76...
[2024-04-19 04:06:49] [PROGRESS] resolve files> Scanning C:\Users\minhd\OneDrive\Desktop\codeql demo\.git\objects\77...
[2024-04-19 04:06:49] [PROGRESS] resolve files> Scanning C:\Users\minhd\OneDrive\Desktop\codeql demo\.git\objects\78...
[2024-04-19 04:06:49] [PROGRESS] resolve files> Scanning C:\Users\minhd\OneDrive\Desktop\codeql demo\.git\objects\79...
[2024-04-19 04:06:49] [PROGRESS] resolve files> Scanning C:\Users\minhd\OneDrive\Desktop\codeql demo\.git\objects\7a...
[2024-04-19 04:06:49] [PROGRESS] resolve files> Scanning C:\Users\minhd\OneDrive\Desktop\codeql demo\.git\objects\7b...
[2024-04-19 04:06:49] [PROGRESS] resolve files> Scanning C:\Users\minhd\OneDrive\Desktop\codeql demo\.git\objects\7c...
[2024-04-19 04:06:49] [PROGRESS] resolve files> Scanning C:\Users\minhd\OneDrive\Desktop\codeql demo\.git\objects\7d...
[2024-04-19 04:06:49] [PROGRESS] resolve files> Scanning C:\Users\minhd\OneDrive\Desktop\codeql demo\.git\objects\7e...
[2024-04-19 04:06:49] [PROGRESS] resolve files> Scanning C:\Users\minhd\OneDrive\Desktop\codeql demo\.git\objects\7f...
[2024-04-19 04:06:49] [PROGRESS] resolve files> Scanning C:\Users\minhd\OneDrive\Desktop\codeql demo\.git\objects\80...
[2024-04-19 04:06:49] [PROGRESS] resolve files> Scanning C:\Users\minhd\OneDrive\Desktop\codeql demo\.git\objects\81...
[2024-04-19 04:06:49] [PROGRESS] resolve files> Scanning C:\Users\minhd\OneDrive\Desktop\codeql demo\.git\objects\82...
[2024-04-19 04:06:49] [PROGRESS] resolve files> Scanning C:\Users\minhd\OneDrive\Desktop\codeql demo\.git\objects\83...
[2024-04-19 04:06:49] [PROGRESS] resolve files> Scanning C:\Users\minhd\OneDrive\Desktop\codeql demo\.git\objects\84...
[2024-04-19 04:06:49] [PROGRESS] resolve files> Scanning C:\Users\minhd\OneDrive\Desktop\codeql demo\.git\objects\86...
[2024-04-19 04:06:49] [PROGRESS] resolve files> Scanning C:\Users\minhd\OneDrive\Desktop\codeql demo\.git\objects\87...
[2024-04-19 04:06:49] [PROGRESS] resolve files> Scanning C:\Users\minhd\OneDrive\Desktop\codeql demo\.git\objects\88...
[2024-04-19 04:06:49] [PROGRESS] resolve files> Scanning C:\Users\minhd\OneDrive\Desktop\codeql demo\.git\objects\89...
[2024-04-19 04:06:49] [PROGRESS] resolve files> Scanning C:\Users\minhd\OneDrive\Desktop\codeql demo\.git\objects\8a...
[2024-04-19 04:06:49] [PROGRESS] resolve files> Scanning C:\Users\minhd\OneDrive\Desktop\codeql demo\.git\objects\8b...
[2024-04-19 04:06:49] [PROGRESS] resolve files> Scanning C:\Users\minhd\OneDrive\Desktop\codeql demo\.git\objects\8c...
[2024-04-19 04:06:49] [PROGRESS] resolve files> Scanning C:\Users\minhd\OneDrive\Desktop\codeql demo\.git\objects\8d...
[2024-04-19 04:06:49] [PROGRESS] resolve files> Scanning C:\Users\minhd\OneDrive\Desktop\codeql demo\.git\objects\8e...
[2024-04-19 04:06:49] [PROGRESS] resolve files> Scanning C:\Users\minhd\OneDrive\Desktop\codeql demo\.git\objects\8f...
[2024-04-19 04:06:49] [PROGRESS] resolve files> Scanning C:\Users\minhd\OneDrive\Desktop\codeql demo\.git\objects\90...
[2024-04-19 04:06:49] [PROGRESS] resolve files> Scanning C:\Users\minhd\OneDrive\Desktop\codeql demo\.git\objects\91...
[2024-04-19 04:06:49] [PROGRESS] resolve files> Scanning C:\Users\minhd\OneDrive\Desktop\codeql demo\.git\objects\92...
[2024-04-19 04:06:49] [PROGRESS] resolve files> Scanning C:\Users\minhd\OneDrive\Desktop\codeql demo\.git\objects\93...
[2024-04-19 04:06:49] [PROGRESS] resolve files> Scanning C:\Users\minhd\OneDrive\Desktop\codeql demo\.git\objects\94...
[2024-04-19 04:06:49] [PROGRESS] resolve files> Scanning C:\Users\minhd\OneDrive\Desktop\codeql demo\.git\objects\95...
[2024-04-19 04:06:49] [PROGRESS] resolve files> Scanning C:\Users\minhd\OneDrive\Desktop\codeql demo\.git\objects\96...
[2024-04-19 04:06:49] [PROGRESS] resolve files> Scanning C:\Users\minhd\OneDrive\Desktop\codeql demo\.git\objects\97...
[2024-04-19 04:06:49] [PROGRESS] resolve files> Scanning C:\Users\minhd\OneDrive\Desktop\codeql demo\.git\objects\98...
[2024-04-19 04:06:49] [PROGRESS] resolve files> Scanning C:\Users\minhd\OneDrive\Desktop\codeql demo\.git\objects\99...
[2024-04-19 04:06:49] [PROGRESS] resolve files> Scanning C:\Users\minhd\OneDrive\Desktop\codeql demo\.git\objects\9a...
[2024-04-19 04:06:49] [PROGRESS] resolve files> Scanning C:\Users\minhd\OneDrive\Desktop\codeql demo\.git\objects\9b...
[2024-04-19 04:06:49] [PROGRESS] resolve files> Scanning C:\Users\minhd\OneDrive\Desktop\codeql demo\.git\objects\9c...
[2024-04-19 04:06:49] [PROGRESS] resolve files> Scanning C:\Users\minhd\OneDrive\Desktop\codeql demo\.git\objects\9d...
[2024-04-19 04:06:49] [PROGRESS] resolve files> Scanning C:\Users\minhd\OneDrive\Desktop\codeql demo\.git\objects\9e...
[2024-04-19 04:06:49] [PROGRESS] resolve files> Scanning C:\Users\minhd\OneDrive\Desktop\codeql demo\.git\objects\9f...
[2024-04-19 04:06:49] [PROGRESS] resolve files> Scanning C:\Users\minhd\OneDrive\Desktop\codeql demo\.git\objects\a1...
[2024-04-19 04:06:49] [PROGRESS] resolve files> Scanning C:\Users\minhd\OneDrive\Desktop\codeql demo\.git\objects\a2...
[2024-04-19 04:06:49] [PROGRESS] resolve files> Scanning C:\Users\minhd\OneDrive\Desktop\codeql demo\.git\objects\a3...
[2024-04-19 04:06:49] [PROGRESS] resolve files> Scanning C:\Users\minhd\OneDrive\Desktop\codeql demo\.git\objects\a4...
[2024-04-19 04:06:49] [PROGRESS] resolve files> Scanning C:\Users\minhd\OneDrive\Desktop\codeql demo\.git\objects\a5...
[2024-04-19 04:06:49] [PROGRESS] resolve files> Scanning C:\Users\minhd\OneDrive\Desktop\codeql demo\.git\objects\a6...
[2024-04-19 04:06:49] [PROGRESS] resolve files> Scanning C:\Users\minhd\OneDrive\Desktop\codeql demo\.git\objects\a7...
[2024-04-19 04:06:49] [PROGRESS] resolve files> Scanning C:\Users\minhd\OneDrive\Desktop\codeql demo\.git\objects\a8...
[2024-04-19 04:06:49] [PROGRESS] resolve files> Scanning C:\Users\minhd\OneDrive\Desktop\codeql demo\.git\objects\a9...
[2024-04-19 04:06:49] [PROGRESS] resolve files> Scanning C:\Users\minhd\OneDrive\Desktop\codeql demo\.git\objects\aa...
[2024-04-19 04:06:49] [PROGRESS] resolve files> Scanning C:\Users\minhd\OneDrive\Desktop\codeql demo\.git\objects\ab...
[2024-04-19 04:06:49] [PROGRESS] resolve files> Scanning C:\Users\minhd\OneDrive\Desktop\codeql demo\.git\objects\ac...
[2024-04-19 04:06:49] [PROGRESS] resolve files> Scanning C:\Users\minhd\OneDrive\Desktop\codeql demo\.git\objects\ad...
[2024-04-19 04:06:49] [PROGRESS] resolve files> Scanning C:\Users\minhd\OneDrive\Desktop\codeql demo\.git\objects\af...
[2024-04-19 04:06:49] [PROGRESS] resolve files> Scanning C:\Users\minhd\OneDrive\Desktop\codeql demo\.git\objects\b0...
[2024-04-19 04:06:49] [PROGRESS] resolve files> Scanning C:\Users\minhd\OneDrive\Desktop\codeql demo\.git\objects\b1...
[2024-04-19 04:06:49] [PROGRESS] resolve files> Scanning C:\Users\minhd\OneDrive\Desktop\codeql demo\.git\objects\b2...
[2024-04-19 04:06:49] [PROGRESS] resolve files> Scanning C:\Users\minhd\OneDrive\Desktop\codeql demo\.git\objects\b3...
[2024-04-19 04:06:49] [PROGRESS] resolve files> Scanning C:\Users\minhd\OneDrive\Desktop\codeql demo\.git\objects\b4...
[2024-04-19 04:06:49] [PROGRESS] resolve files> Scanning C:\Users\minhd\OneDrive\Desktop\codeql demo\.git\objects\b5...
[2024-04-19 04:06:49] [PROGRESS] resolve files> Scanning C:\Users\minhd\OneDrive\Desktop\codeql demo\.git\objects\b7...
[2024-04-19 04:06:49] [PROGRESS] resolve files> Scanning C:\Users\minhd\OneDrive\Desktop\codeql demo\.git\objects\b8...
[2024-04-19 04:06:49] [PROGRESS] resolve files> Scanning C:\Users\minhd\OneDrive\Desktop\codeql demo\.git\objects\b9...
[2024-04-19 04:06:49] [PROGRESS] resolve files> Scanning C:\Users\minhd\OneDrive\Desktop\codeql demo\.git\objects\ba...
[2024-04-19 04:06:49] [PROGRESS] resolve files> Scanning C:\Users\minhd\OneDrive\Desktop\codeql demo\.git\objects\bc...
[2024-04-19 04:06:49] [PROGRESS] resolve files> Scanning C:\Users\minhd\OneDrive\Desktop\codeql demo\.git\objects\bd...
[2024-04-19 04:06:49] [PROGRESS] resolve files> Scanning C:\Users\minhd\OneDrive\Desktop\codeql demo\.git\objects\be...
[2024-04-19 04:06:49] [PROGRESS] resolve files> Scanning C:\Users\minhd\OneDrive\Desktop\codeql demo\.git\objects\bf...
[2024-04-19 04:06:49] [PROGRESS] resolve files> Scanning C:\Users\minhd\OneDrive\Desktop\codeql demo\.git\objects\c0...
[2024-04-19 04:06:49] [PROGRESS] resolve files> Scanning C:\Users\minhd\OneDrive\Desktop\codeql demo\.git\objects\c1...
[2024-04-19 04:06:49] [PROGRESS] resolve files> Scanning C:\Users\minhd\OneDrive\Desktop\codeql demo\.git\objects\c2...
[2024-04-19 04:06:49] [PROGRESS] resolve files> Scanning C:\Users\minhd\OneDrive\Desktop\codeql demo\.git\objects\c3...
[2024-04-19 04:06:49] [PROGRESS] resolve files> Scanning C:\Users\minhd\OneDrive\Desktop\codeql demo\.git\objects\c4...
[2024-04-19 04:06:49] [PROGRESS] resolve files> Scanning C:\Users\minhd\OneDrive\Desktop\codeql demo\.git\objects\c5...
[2024-04-19 04:06:49] [PROGRESS] resolve files> Scanning C:\Users\minhd\OneDrive\Desktop\codeql demo\.git\objects\c6...
[2024-04-19 04:06:49] [PROGRESS] resolve files> Scanning C:\Users\minhd\OneDrive\Desktop\codeql demo\.git\objects\c7...
[2024-04-19 04:06:49] [PROGRESS] resolve files> Scanning C:\Users\minhd\OneDrive\Desktop\codeql demo\.git\objects\c8...
[2024-04-19 04:06:49] [PROGRESS] resolve files> Scanning C:\Users\minhd\OneDrive\Desktop\codeql demo\.git\objects\c9...
[2024-04-19 04:06:49] [PROGRESS] resolve files> Scanning C:\Users\minhd\OneDrive\Desktop\codeql demo\.git\objects\cb...
[2024-04-19 04:06:49] [PROGRESS] resolve files> Scanning C:\Users\minhd\OneDrive\Desktop\codeql demo\.git\objects\cc...
[2024-04-19 04:06:49] [PROGRESS] resolve files> Scanning C:\Users\minhd\OneDrive\Desktop\codeql demo\.git\objects\cd...
[2024-04-19 04:06:49] [PROGRESS] resolve files> Scanning C:\Users\minhd\OneDrive\Desktop\codeql demo\.git\objects\ce...
[2024-04-19 04:06:49] [PROGRESS] resolve files> Scanning C:\Users\minhd\OneDrive\Desktop\codeql demo\.git\objects\cf...
[2024-04-19 04:06:49] [PROGRESS] resolve files> Scanning C:\Users\minhd\OneDrive\Desktop\codeql demo\.git\objects\d0...
[2024-04-19 04:06:49] [PROGRESS] resolve files> Scanning C:\Users\minhd\OneDrive\Desktop\codeql demo\.git\objects\d1...
[2024-04-19 04:06:49] [PROGRESS] resolve files> Scanning C:\Users\minhd\OneDrive\Desktop\codeql demo\.git\objects\d2...
[2024-04-19 04:06:49] [PROGRESS] resolve files> Scanning C:\Users\minhd\OneDrive\Desktop\codeql demo\.git\objects\d3...
[2024-04-19 04:06:49] [PROGRESS] resolve files> Scanning C:\Users\minhd\OneDrive\Desktop\codeql demo\.git\objects\d4...
[2024-04-19 04:06:49] [PROGRESS] resolve files> Scanning C:\Users\minhd\OneDrive\Desktop\codeql demo\.git\objects\d5...
[2024-04-19 04:06:49] [PROGRESS] resolve files> Scanning C:\Users\minhd\OneDrive\Desktop\codeql demo\.git\objects\d6...
[2024-04-19 04:06:49] [PROGRESS] resolve files> Scanning C:\Users\minhd\OneDrive\Desktop\codeql demo\.git\objects\d7...
[2024-04-19 04:06:49] [PROGRESS] resolve files> Scanning C:\Users\minhd\OneDrive\Desktop\codeql demo\.git\objects\d8...
[2024-04-19 04:06:49] [PROGRESS] resolve files> Scanning C:\Users\minhd\OneDrive\Desktop\codeql demo\.git\objects\da...
[2024-04-19 04:06:49] [PROGRESS] resolve files> Scanning C:\Users\minhd\OneDrive\Desktop\codeql demo\.git\objects\dc...
[2024-04-19 04:06:49] [PROGRESS] resolve files> Scanning C:\Users\minhd\OneDrive\Desktop\codeql demo\.git\objects\de...
[2024-04-19 04:06:49] [PROGRESS] resolve files> Scanning C:\Users\minhd\OneDrive\Desktop\codeql demo\.git\objects\df...
[2024-04-19 04:06:49] [PROGRESS] resolve files> Scanning C:\Users\minhd\OneDrive\Desktop\codeql demo\.git\objects\e1...
[2024-04-19 04:06:49] [PROGRESS] resolve files> Scanning C:\Users\minhd\OneDrive\Desktop\codeql demo\.git\objects\e2...
[2024-04-19 04:06:49] [PROGRESS] resolve files> Scanning C:\Users\minhd\OneDrive\Desktop\codeql demo\.git\objects\e3...
[2024-04-19 04:06:49] [PROGRESS] resolve files> Scanning C:\Users\minhd\OneDrive\Desktop\codeql demo\.git\objects\e4...
[2024-04-19 04:06:49] [PROGRESS] resolve files> Scanning C:\Users\minhd\OneDrive\Desktop\codeql demo\.git\objects\e5...
[2024-04-19 04:06:49] [PROGRESS] resolve files> Scanning C:\Users\minhd\OneDrive\Desktop\codeql demo\.git\objects\e6...
[2024-04-19 04:06:49] [PROGRESS] resolve files> Scanning C:\Users\minhd\OneDrive\Desktop\codeql demo\.git\objects\e7...
[2024-04-19 04:06:49] [PROGRESS] resolve files> Scanning C:\Users\minhd\OneDrive\Desktop\codeql demo\.git\objects\e8...
[2024-04-19 04:06:49] [PROGRESS] resolve files> Scanning C:\Users\minhd\OneDrive\Desktop\codeql demo\.git\objects\e9...
[2024-04-19 04:06:49] [PROGRESS] resolve files> Scanning C:\Users\minhd\OneDrive\Desktop\codeql demo\.git\objects\ea...
[2024-04-19 04:06:49] [PROGRESS] resolve files> Scanning C:\Users\minhd\OneDrive\Desktop\codeql demo\.git\objects\eb...
[2024-04-19 04:06:49] [PROGRESS] resolve files> Scanning C:\Users\minhd\OneDrive\Desktop\codeql demo\.git\objects\ec...
[2024-04-19 04:06:49] [PROGRESS] resolve files> Scanning C:\Users\minhd\OneDrive\Desktop\codeql demo\.git\objects\ee...
[2024-04-19 04:06:49] [PROGRESS] resolve files> Scanning C:\Users\minhd\OneDrive\Desktop\codeql demo\.git\objects\ef...
[2024-04-19 04:06:49] [PROGRESS] resolve files> Scanning C:\Users\minhd\OneDrive\Desktop\codeql demo\.git\objects\f0...
[2024-04-19 04:06:49] [PROGRESS] resolve files> Scanning C:\Users\minhd\OneDrive\Desktop\codeql demo\.git\objects\f1...
[2024-04-19 04:06:49] [PROGRESS] resolve files> Scanning C:\Users\minhd\OneDrive\Desktop\codeql demo\.git\objects\f2...
[2024-04-19 04:06:49] [PROGRESS] resolve files> Scanning C:\Users\minhd\OneDrive\Desktop\codeql demo\.git\objects\f4...
[2024-04-19 04:06:49] [PROGRESS] resolve files> Scanning C:\Users\minhd\OneDrive\Desktop\codeql demo\.git\objects\f5...
[2024-04-19 04:06:49] [PROGRESS] resolve files> Scanning C:\Users\minhd\OneDrive\Desktop\codeql demo\.git\objects\f6...
[2024-04-19 04:06:49] [PROGRESS] resolve files> Scanning C:\Users\minhd\OneDrive\Desktop\codeql demo\.git\objects\f8...
[2024-04-19 04:06:49] [PROGRESS] resolve files> Scanning C:\Users\minhd\OneDrive\Desktop\codeql demo\.git\objects\f9...
[2024-04-19 04:06:49] [PROGRESS] resolve files> Scanning C:\Users\minhd\OneDrive\Desktop\codeql demo\.git\objects\fa...
[2024-04-19 04:06:49] [PROGRESS] resolve files> Scanning C:\Users\minhd\OneDrive\Desktop\codeql demo\.git\objects\fb...
[2024-04-19 04:06:49] [PROGRESS] resolve files> Scanning C:\Users\minhd\OneDrive\Desktop\codeql demo\.git\objects\fd...
[2024-04-19 04:06:49] [PROGRESS] resolve files> Scanning C:\Users\minhd\OneDrive\Desktop\codeql demo\.git\objects\fe...
[2024-04-19 04:06:49] [PROGRESS] resolve files> Scanning C:\Users\minhd\OneDrive\Desktop\codeql demo\.git\objects\ff...
[2024-04-19 04:06:49] [PROGRESS] resolve files> Scanning C:\Users\minhd\OneDrive\Desktop\codeql demo\.git\objects\info...
[2024-04-19 04:06:49] [PROGRESS] resolve files> Scanning C:\Users\minhd\OneDrive\Desktop\codeql demo\.git\objects\pack...
[2024-04-19 04:06:49] [PROGRESS] resolve files> Scanning C:\Users\minhd\OneDrive\Desktop\codeql demo\.git\refs...
[2024-04-19 04:06:49] [PROGRESS] resolve files> Scanning C:\Users\minhd\OneDrive\Desktop\codeql demo\.git\refs\heads...
[2024-04-19 04:06:49] [PROGRESS] resolve files> Scanning C:\Users\minhd\OneDrive\Desktop\codeql demo\.git\refs\remotes...
[2024-04-19 04:06:49] [PROGRESS] resolve files> Scanning C:\Users\minhd\OneDrive\Desktop\codeql demo\.git\refs\remotes\origin...
[2024-04-19 04:06:49] [PROGRESS] resolve files> Scanning C:\Users\minhd\OneDrive\Desktop\codeql demo\.git\refs\tags...
[2024-04-19 04:06:49] [PROGRESS] resolve files> Scanning C:\Users\minhd\OneDrive\Desktop\codeql demo\db...
[2024-04-19 04:06:49] [PROGRESS] resolve files> Scanning C:\Users\minhd\OneDrive\Desktop\codeql demo\db\diagnostic...
[2024-04-19 04:06:49] [PROGRESS] resolve files> Scanning C:\Users\minhd\OneDrive\Desktop\codeql demo\db\diagnostic\extractors...
[2024-04-19 04:06:49] [PROGRESS] resolve files> Scanning C:\Users\minhd\OneDrive\Desktop\codeql demo\db\diagnostic\extractors\python...
[2024-04-19 04:06:49] [PROGRESS] resolve files> Scanning C:\Users\minhd\OneDrive\Desktop\codeql demo\db\diagnostic\tracer...
[2024-04-19 04:06:49] [PROGRESS] resolve files> Scanning C:\Users\minhd\OneDrive\Desktop\codeql demo\db\log...
[2024-04-19 04:06:49] [PROGRESS] resolve files> Scanning C:\Users\minhd\OneDrive\Desktop\codeql demo\db\src...
[2024-04-19 04:06:49] [PROGRESS] resolve files> Scanning C:\Users\minhd\OneDrive\Desktop\codeql demo\db\src\C_...
[2024-04-19 04:06:49] [PROGRESS] resolve files> Scanning C:\Users\minhd\OneDrive\Desktop\codeql demo\db\src\C_\Users...
[2024-04-19 04:06:49] [PROGRESS] resolve files> Scanning C:\Users\minhd\OneDrive\Desktop\codeql demo\db\src\C_\Users\minhd...
[2024-04-19 04:06:49] [PROGRESS] resolve files> Scanning C:\Users\minhd\OneDrive\Desktop\codeql demo\db\src\C_\Users\minhd\OneDrive...
[2024-04-19 04:06:49] [PROGRESS] resolve files> Scanning C:\Users\minhd\OneDrive\Desktop\codeql demo\db\src\C_\Users\minhd\OneDrive\Desktop...
[2024-04-19 04:06:49] [PROGRESS] resolve files> Scanning C:\Users\minhd\OneDrive\Desktop\codeql demo\db\src\C_\Users\minhd\OneDrive\Desktop\codeql demo...
[2024-04-19 04:06:49] [PROGRESS] resolve files> Scanning C:\Users\minhd\OneDrive\Desktop\codeql demo\db\trap...
[2024-04-19 04:06:49] [PROGRESS] resolve files> Scanning C:\Users\minhd\OneDrive\Desktop\codeql demo\db\trap\python...
[2024-04-19 04:06:49] [PROGRESS] resolve files> Scanning C:\Users\minhd\OneDrive\Desktop\codeql demo\db\working...
[2024-04-19 04:06:49] [PROGRESS] resolve files> Scanning C:\Users\minhd\OneDrive\Desktop\codeql demo\db\working\trap_cache...
[2024-04-19 04:06:49] [PROGRESS] resolve files> Scanning C:\Users\minhd\OneDrive\Desktop\codeql demo\db\working\trap_cache\1...
[2024-04-19 04:06:49] Plumbing command codeql resolve files completed:
                      [
                        "C:\\Users\\minhd\\OneDrive\\Desktop\\codeql demo\\db\\codeql-database.yml"
                      ]
[2024-04-19 04:06:49] [DETAILS] database index-files> Found 1 files.
[2024-04-19 04:06:49] [PROGRESS] database index-files> C:\Users\minhd\OneDrive\Desktop\codeql demo\db: Indexing files in in C:\Users\minhd\OneDrive\Desktop\codeql demo...
[2024-04-19 04:06:49] Using index-files script C:\Users\minhd\OneDrive\Desktop\NCKHKT\codeql-win64\codeql\yaml\tools\index-files.cmd.
[2024-04-19 04:06:49] [PROGRESS] database index-files> Running command in C:\Users\minhd\OneDrive\Desktop\codeql demo: [C:\Users\minhd\OneDrive\Desktop\NCKHKT\codeql-win64\codeql\yaml\tools\index-files.cmd, C:\Users\minhd\OneDrive\Desktop\codeql demo\db\working\files-to-index4606725156496298625.list]
[2024-04-19 04:06:50] Terminating normally.
