[2024-04-19 01:51:30] This is codeql database index-files --include-extension=.yaml --include-extension=.yml --size-limit=5m --language yaml -- C:\Users\minhd\OneDrive\Desktop\codeql demo\db
[2024-04-19 01:51:30] Log file was started late.
[2024-04-19 01:51:30] Using index-files script C:\Users\minhd\OneDrive\Desktop\NCKHKT\codeql-win64\codeql\yaml\tools\index-files.cmd.
[2024-04-19 01:51:30] [PROGRESS] database index-files> Scanning for files in C:\Users\minhd\OneDrive\Desktop\codeql demo...
[2024-04-19 01:51:30] Calling plumbing command: codeql resolve files --include-extension=.yaml --include-extension=.yml --size-limit=5m C:\Users\minhd\OneDrive\Desktop\codeql demo --format=json
[2024-04-19 01:51:30] [PROGRESS] resolve files> Scanning C:\Users\minhd\OneDrive\Desktop\codeql demo...
[2024-04-19 01:51:30] [PROGRESS] resolve files> Scanning C:\Users\minhd\OneDrive\Desktop\codeql demo\db...
[2024-04-19 01:51:30] [PROGRESS] resolve files> Scanning C:\Users\minhd\OneDrive\Desktop\codeql demo\db\diagnostic...
[2024-04-19 01:51:30] [PROGRESS] resolve files> Scanning C:\Users\minhd\OneDrive\Desktop\codeql demo\db\diagnostic\extractors...
[2024-04-19 01:51:30] [PROGRESS] resolve files> Scanning C:\Users\minhd\OneDrive\Desktop\codeql demo\db\diagnostic\extractors\python...
[2024-04-19 01:51:30] [PROGRESS] resolve files> Scanning C:\Users\minhd\OneDrive\Desktop\codeql demo\db\diagnostic\tracer...
[2024-04-19 01:51:30] [PROGRESS] resolve files> Scanning C:\Users\minhd\OneDrive\Desktop\codeql demo\db\log...
[2024-04-19 01:51:30] [PROGRESS] resolve files> Scanning C:\Users\minhd\OneDrive\Desktop\codeql demo\db\src...
[2024-04-19 01:51:30] [PROGRESS] resolve files> Scanning C:\Users\minhd\OneDrive\Desktop\codeql demo\db\src\C_...
[2024-04-19 01:51:30] [PROGRESS] resolve files> Scanning C:\Users\minhd\OneDrive\Desktop\codeql demo\db\src\C_\Users...
[2024-04-19 01:51:30] [PROGRESS] resolve files> Scanning C:\Users\minhd\OneDrive\Desktop\codeql demo\db\src\C_\Users\minhd...
[2024-04-19 01:51:30] [PROGRESS] resolve files> Scanning C:\Users\minhd\OneDrive\Desktop\codeql demo\db\src\C_\Users\minhd\OneDrive...
[2024-04-19 01:51:30] [PROGRESS] resolve files> Scanning C:\Users\minhd\OneDrive\Desktop\codeql demo\db\src\C_\Users\minhd\OneDrive\Desktop...
[2024-04-19 01:51:30] [PROGRESS] resolve files> Scanning C:\Users\minhd\OneDrive\Desktop\codeql demo\db\src\C_\Users\minhd\OneDrive\Desktop\codeql demo...
[2024-04-19 01:51:30] [PROGRESS] resolve files> Scanning C:\Users\minhd\OneDrive\Desktop\codeql demo\db\trap...
[2024-04-19 01:51:30] [PROGRESS] resolve files> Scanning C:\Users\minhd\OneDrive\Desktop\codeql demo\db\trap\python...
[2024-04-19 01:51:30] [PROGRESS] resolve files> Scanning C:\Users\minhd\OneDrive\Desktop\codeql demo\db\working...
[2024-04-19 01:51:30] [PROGRESS] resolve files> Scanning C:\Users\minhd\OneDrive\Desktop\codeql demo\db\working\trap_cache...
[2024-04-19 01:51:30] [PROGRESS] resolve files> Scanning C:\Users\minhd\OneDrive\Desktop\codeql demo\db\working\trap_cache\1...
[2024-04-19 01:51:30] [PROGRESS] resolve files> Scanning C:\Users\minhd\OneDrive\Desktop\codeql demo\result...
[2024-04-19 01:51:30] Plumbing command codeql resolve files completed:
                      [
                        "C:\\Users\\minhd\\OneDrive\\Desktop\\codeql demo\\db\\codeql-database.yml"
                      ]
[2024-04-19 01:51:30] [DETAILS] database index-files> Found 1 files.
[2024-04-19 01:51:30] [PROGRESS] database index-files> C:\Users\minhd\OneDrive\Desktop\codeql demo\db: Indexing files in in C:\Users\minhd\OneDrive\Desktop\codeql demo...
[2024-04-19 01:51:30] Using index-files script C:\Users\minhd\OneDrive\Desktop\NCKHKT\codeql-win64\codeql\yaml\tools\index-files.cmd.
[2024-04-19 01:51:30] [PROGRESS] database index-files> Running command in C:\Users\minhd\OneDrive\Desktop\codeql demo: [C:\Users\minhd\OneDrive\Desktop\NCKHKT\codeql-win64\codeql\yaml\tools\index-files.cmd, C:\Users\minhd\OneDrive\Desktop\codeql demo\db\working\files-to-index15768824568909954899.list]
[2024-04-19 01:51:30] Terminating normally.
