[2024-04-19 02:02:59] This is codeql database analyze C:\Users\minhd\OneDrive\Desktop\codeql demo\db microsoft/coding-standards@1.0.0 github/security-queries --format=sarifv2.1.0 --output=query-results.sarif --download
[2024-04-19 02:02:59] Log file was started late.
[2024-04-19 02:02:59] [DETAILS] database analyze> Downloading queries...
[2024-04-19 02:02:59] Running plumbing command: codeql pack download --format json --qlconfig-file=C:\Users\minhd\qlconfig.yml -- microsoft/coding-standards@1.0.0 github/security-queries
[2024-04-19 02:02:59] [PROGRESS] pack download> Package specifications to check for download: microsoft/coding-standards@1.0.0, github/security-queries
[2024-04-19 02:03:00] Calling plumbing command: codeql resolve queries --qlconfig-file=C:\Users\minhd\qlconfig.yml --format installedpacks microsoft/coding-standards@1.0.0 github/security-queries
[2024-04-19 02:03:00] Plumbing command codeql resolve queries completed:
                      {
                        "installedPacks" : [
                          "microsoft/coding-standards@1.0.0",
                          "github/security-queries@latest"
                        ]
                      }
[2024-04-19 02:03:00] [DETAILS] pack download> Packaging> Requesting package versions of microsoft/coding-standards from https://ghcr.io/v2/microsoft/coding-standards/tags/list?n=100
[2024-04-19 02:03:00] [DETAILS] pack download> Packaging> GET Anonymous credentials 'https://ghcr.io/token?scope=repository:microsoft/coding-standards:pull'
[2024-04-19 02:03:01] [DETAILS] pack download> Packaging> RESPONSE 'HTTP/1.1 403 Forbidden'
[2024-04-19 02:03:01] Exception caught at top level: Could not create access credentials for microsoft/coding-standards. Does this CodeQL pack exist on the public GitHub Container registry, or do you need to authenticate to access it? HTTP/1.1 403 Forbidden
                      com.semmle.cli2.pack.docker.DockerPackageRegistry.generateAnonymousCredentials(DockerPackageRegistry.java:534)
                      com.semmle.cli2.pack.docker.DockerPackageRegistry.getOrGenerateCredentials(DockerPackageRegistry.java:503)
                      com.semmle.cli2.pack.docker.DockerPackageRegistry.addSharedHeaders(DockerPackageRegistry.java:494)
                      com.semmle.cli2.pack.docker.DockerPackageRegistry.retrieveDockerTagsPage(DockerPackageRegistry.java:415)
                      com.semmle.cli2.pack.docker.DockerPackageRegistry.retrieveDockerTags(DockerPackageRegistry.java:352)
                      com.semmle.cli2.pack.docker.DockerPackageRegistry.retrieveDockerTags(DockerPackageRegistry.java:343)
                      com.semmle.cli2.pack.docker.DockerPackageFamily.fetchPacks(DockerPackageFamily.java:68)
                      com.semmle.frontend.packs.solver.PackageFamilyResolution.ensurePacks(PackageFamilyResolution.java:119)
                      com.semmle.frontend.packs.solver.PackageFamilyResolution.getLatestPack(PackageFamilyResolution.java:86)
                      com.semmle.cli2.pack.PackageManager.selectPackVersion(PackageManager.java:308)
                      com.semmle.cli2.pack.PackDownloadCommand.executeJSON(PackDownloadCommand.java:159)
                      com.semmle.cli2.pack.PackDownloadCommand.executeJSON(PackDownloadCommand.java:42)
                      com.semmle.cli2.picocli.SimpleJsonSubcommand.executeInsistingOnJSONWithExistingMessages(SimpleJsonSubcommand.java:133)
                      com.semmle.cli2.picocli.SimpleJsonSubcommand.executeSubcommand(SimpleJsonSubcommand.java:82)
                      com.semmle.cli2.picocli.SubcommandCommon.lambda$executeSubcommandWithMessages$5(SubcommandCommon.java:862)
                      com.semmle.cli2.picocli.SubcommandCommon.withCompilationMessages(SubcommandCommon.java:442)
                      com.semmle.cli2.picocli.SubcommandCommon.executeSubcommandWithMessages(SubcommandCommon.java:860)
                      com.semmle.cli2.picocli.PlumbingRunner.run(PlumbingRunner.java:119)
                      com.semmle.cli2.picocli.SubcommandCommon.runPlumbingInProcess(SubcommandCommon.java:199)
                      com.semmle.cli2.database.AnalyzeCommand.downloadQueries(AnalyzeCommand.java:213)
                      com.semmle.cli2.database.AnalyzeCommand.executeSubcommand(AnalyzeCommand.java:117)
                      com.semmle.cli2.picocli.SubcommandCommon.lambda$executeSubcommandWithMessages$5(SubcommandCommon.java:862)
                      com.semmle.cli2.picocli.SubcommandCommon.withCompilationMessages(SubcommandCommon.java:442)
                      com.semmle.cli2.picocli.SubcommandCommon.executeSubcommandWithMessages(SubcommandCommon.java:860)
                      com.semmle.cli2.picocli.SubcommandCommon.toplevelMain(SubcommandCommon.java:744)
                      com.semmle.cli2.picocli.SubcommandCommon.call(SubcommandCommon.java:725)
                      com.semmle.cli2.picocli.SubcommandMaker.runMain(SubcommandMaker.java:237)
                      com.semmle.cli2.picocli.SubcommandMaker.runMain(SubcommandMaker.java:257)
                      com.semmle.cli2.CodeQL.main(CodeQL.java:115)
