[2024-04-19 01:51:26] This is codeql database create C:\Users\minhd\OneDrive\Desktop\codeql demo\db --source-root=C:\Users\minhd\OneDrive\Desktop\codeql demo --language=python
[2024-04-19 01:51:26] Log file was started late.
[2024-04-19 01:51:26] [PROGRESS] database create> Initializing database at C:\Users\minhd\OneDrive\Desktop\codeql demo\db.
[2024-04-19 01:51:26] Running plumbing command: codeql database init --language=python --extractor-options-verbosity=1 --qlconfig-file=C:\Users\minhd\qlconfig.yml --source-root=C:\Users\minhd\OneDrive\Desktop\codeql demo --allow-missing-source-root=false --allow-already-existing -- C:\Users\minhd\OneDrive\Desktop\codeql demo\db
[2024-04-19 01:51:26] Calling plumbing command: codeql resolve languages --extractor-options-verbosity=1 --format=betterjson
[2024-04-19 01:51:26] [DETAILS] resolve languages> Scanning for [codeql-extractor.yml] from C:\Users\minhd\OneDrive\Desktop\NCKHKT\codeql-win64\codeql\.codeqlmanifest.json
[2024-04-19 01:51:26] [DETAILS] resolve languages> Parsing C:\Users\minhd\OneDrive\Desktop\NCKHKT\codeql-win64\codeql\cpp\codeql-extractor.yml.
[2024-04-19 01:51:26] [DETAILS] resolve languages> Parsing C:\Users\minhd\OneDrive\Desktop\NCKHKT\codeql-win64\codeql\csharp\codeql-extractor.yml.
[2024-04-19 01:51:26] [DETAILS] resolve languages> Parsing C:\Users\minhd\OneDrive\Desktop\NCKHKT\codeql-win64\codeql\csv\codeql-extractor.yml.
[2024-04-19 01:51:26] [DETAILS] resolve languages> Parsing C:\Users\minhd\OneDrive\Desktop\NCKHKT\codeql-win64\codeql\go\codeql-extractor.yml.
[2024-04-19 01:51:26] [DETAILS] resolve languages> Parsing C:\Users\minhd\OneDrive\Desktop\NCKHKT\codeql-win64\codeql\html\codeql-extractor.yml.
[2024-04-19 01:51:26] [DETAILS] resolve languages> Parsing C:\Users\minhd\OneDrive\Desktop\NCKHKT\codeql-win64\codeql\java\codeql-extractor.yml.
[2024-04-19 01:51:26] [DETAILS] resolve languages> Parsing C:\Users\minhd\OneDrive\Desktop\NCKHKT\codeql-win64\codeql\javascript\codeql-extractor.yml.
[2024-04-19 01:51:26] [DETAILS] resolve languages> Parsing C:\Users\minhd\OneDrive\Desktop\NCKHKT\codeql-win64\codeql\properties\codeql-extractor.yml.
[2024-04-19 01:51:26] [DETAILS] resolve languages> Parsing C:\Users\minhd\OneDrive\Desktop\NCKHKT\codeql-win64\codeql\python\codeql-extractor.yml.
[2024-04-19 01:51:26] [DETAILS] resolve languages> Parsing C:\Users\minhd\OneDrive\Desktop\NCKHKT\codeql-win64\codeql\ruby\codeql-extractor.yml.
[2024-04-19 01:51:26] [DETAILS] resolve languages> Parsing C:\Users\minhd\OneDrive\Desktop\NCKHKT\codeql-win64\codeql\swift\codeql-extractor.yml.
[2024-04-19 01:51:26] [DETAILS] resolve languages> Parsing C:\Users\minhd\OneDrive\Desktop\NCKHKT\codeql-win64\codeql\xml\codeql-extractor.yml.
[2024-04-19 01:51:26] [DETAILS] resolve languages> Parsing C:\Users\minhd\OneDrive\Desktop\NCKHKT\codeql-win64\codeql\yaml\codeql-extractor.yml.
[2024-04-19 01:51:26] Plumbing command codeql resolve languages completed:
                      {
                        "aliases" : {
                          "c" : "cpp",
                          "c++" : "cpp",
                          "c-c++" : "cpp",
                          "c-cpp" : "cpp",
                          "c#" : "csharp",
                          "java-kotlin" : "java",
                          "kotlin" : "java",
                          "javascript-typescript" : "javascript",
                          "typescript" : "javascript"
                        },
                        "extractors" : {
                          "cpp" : [
                            {
                              "extractor_root" : "C:\\Users\\minhd\\OneDrive\\Desktop\\NCKHKT\\codeql-win64\\codeql\\cpp",
                              "extractor_options" : { }
                            }
                          ],
                          "csharp" : [
                            {
                              "extractor_root" : "C:\\Users\\minhd\\OneDrive\\Desktop\\NCKHKT\\codeql-win64\\codeql\\csharp",
                              "extractor_options" : {
                                "trap" : {
                                  "title" : "Options pertaining to TRAP.",
                                  "description" : "Options pertaining to TRAP.",
                                  "type" : "object",
                                  "properties" : {
                                    "compression" : {
                                      "title" : "Controls compression for the TRAP files written by the extractor.",
                                      "description" : "This option is only intended for use in debugging the extractor. Accepted values are 'brotli' (the default, to write brotli-compressed TRAP), 'gzip', and 'none' (to write uncompressed TRAP).\n",
                                      "type" : "string",
                                      "pattern" : "^(none|gzip|brotli)$"
                                    }
                                  }
                                },
                                "buildless" : {
                                  "title" : "DEPRECATED - Whether to use buildless (standalone) extraction.",
                                  "description" : "DEPRECATED: Use `--build-mode none` instead.\nA value indicating, which type of extraction the autobuilder should perform. If 'true', then the standalone extractor will be used, otherwise tracing extraction will be performed. The default is 'false'. Note that buildless extraction will generally yield less accurate analysis results, and should only be used in cases where it is not possible to build the code (for example if it uses inaccessible dependencies).\n",
                                  "type" : "string",
                                  "pattern" : "^(false|true)$"
                                },
                                "logging" : {
                                  "title" : "Options pertaining to logging.",
                                  "description" : "Options pertaining to logging.",
                                  "type" : "object",
                                  "properties" : {
                                    "verbosity" : {
                                      "title" : "Extractor logging verbosity level.",
                                      "description" : "Controls the level of verbosity of the extractor. The supported levels are (in order of increasing verbosity):\n  - off\n  - errors\n  - warnings\n  - info or progress\n  - debug or progress+\n  - trace or progress++\n  - progress+++\n",
                                      "type" : "string",
                                      "pattern" : "^(off|errors|warnings|(info|progress)|(debug|progress\\+)|(trace|progress\\+\\+)|progress\\+\\+\\+)$"
                                    }
                                  }
                                }
                              }
                            }
                          ],
                          "csv" : [
                            {
                              "extractor_root" : "C:\\Users\\minhd\\OneDrive\\Desktop\\NCKHKT\\codeql-win64\\codeql\\csv"
                            }
                          ],
                          "go" : [
                            {
                              "extractor_root" : "C:\\Users\\minhd\\OneDrive\\Desktop\\NCKHKT\\codeql-win64\\codeql\\go"
                            }
                          ],
                          "html" : [
                            {
                              "extractor_root" : "C:\\Users\\minhd\\OneDrive\\Desktop\\NCKHKT\\codeql-win64\\codeql\\html"
                            }
                          ],
                          "java" : [
                            {
                              "extractor_root" : "C:\\Users\\minhd\\OneDrive\\Desktop\\NCKHKT\\codeql-win64\\codeql\\java",
                              "extractor_options" : {
                                "exclude" : {
                                  "title" : "A glob excluding files from analysis.",
                                  "description" : "A glob indicating what files to exclude from the analysis.\n",
                                  "type" : "string"
                                },
                                "add_prefer_source" : {
                                  "title" : "Whether to always prefer source files over class files.",
                                  "description" : "A value indicating whether source files should be preferred over class files. If set to 'true', the extraction adds '-Xprefer:source' to the javac command line. If set to 'false', the extraction uses the default javac behavior ('-Xprefer:newer'). The default is 'true'.\n",
                                  "type" : "string",
                                  "pattern" : "^(false|true)$"
                                },
                                "buildless" : {
                                  "title" : "Whether to use buildless (standalone) extraction (experimental).",
                                  "description" : "A value indicating, which type of extraction the autobuilder should perform. If 'true', then the standalone extractor will be used, otherwise tracing extraction will be performed. The default is 'false'. Note that buildless extraction will generally yield less accurate analysis results, and should only be used in cases where it is not possible to build the code (for example if it uses inaccessible dependencies).\n",
                                  "type" : "string",
                                  "pattern" : "^(false|true)$"
                                }
                              }
                            }
                          ],
                          "javascript" : [
                            {
                              "extractor_root" : "C:\\Users\\minhd\\OneDrive\\Desktop\\NCKHKT\\codeql-win64\\codeql\\javascript",
                              "extractor_options" : {
                                "skip_types" : {
                                  "title" : "Skip type extraction for TypeScript",
                                  "description" : "Whether to skip the extraction of types in a TypeScript application",
                                  "type" : "string",
                                  "pattern" : "^(false|true)$"
                                }
                              }
                            }
                          ],
                          "properties" : [
                            {
                              "extractor_root" : "C:\\Users\\minhd\\OneDrive\\Desktop\\NCKHKT\\codeql-win64\\codeql\\properties"
                            }
                          ],
                          "python" : [
                            {
                              "extractor_root" : "C:\\Users\\minhd\\OneDrive\\Desktop\\NCKHKT\\codeql-win64\\codeql\\python",
                              "extractor_options" : {
                                "logging" : {
                                  "title" : "Options pertaining to logging.",
                                  "description" : "Options pertaining to logging.",
                                  "type" : "object",
                                  "properties" : {
                                    "verbosity" : {
                                      "title" : "Python extractor logging verbosity level.",
                                      "description" : "Controls the level of verbosity of the CodeQL Python extractor.\nThe supported levels are (in order of increasing verbosity):\n\n  - off\n  - errors\n  - warnings\n  - info or progress\n  - debug or progress+\n  - trace or progress++\n  - progress+++\n",
                                      "type" : "string",
                                      "pattern" : "^(off|errors|warnings|(info|progress)|(debug|progress\\+)|(trace|progress\\+\\+)|progress\\+\\+\\+)$"
                                    }
                                  }
                                },
                                "python_executable_name" : {
                                  "title" : "Controls the name of the Python executable used by the Python extractor.",
                                  "description" : "The Python extractor uses platform-dependent heuristics to determine the name of the Python executable to use. Specifying a value for this option overrides the name of the Python executable used by the extractor. Accepted values are py, python and python3. Use this setting with caution, the Python extractor requires Python 3 to run.\n",
                                  "type" : "string",
                                  "pattern" : "^(py|python|python3)$"
                                }
                              }
                            }
                          ],
                          "ruby" : [
                            {
                              "extractor_root" : "C:\\Users\\minhd\\OneDrive\\Desktop\\NCKHKT\\codeql-win64\\codeql\\ruby",
                              "extractor_options" : {
                                "trap" : {
                                  "title" : "Options pertaining to TRAP.",
                                  "description" : "Options pertaining to TRAP.",
                                  "type" : "object",
                                  "properties" : {
                                    "compression" : {
                                      "title" : "Controls compression for the TRAP files written by the extractor.",
                                      "description" : "This option is only intended for use in debugging the extractor. Accepted values are 'gzip' (the default, to write gzip-compressed TRAP) and 'none' (to write uncompressed TRAP).\n",
                                      "type" : "string",
                                      "pattern" : "^(none|gzip)$"
                                    }
                                  }
                                }
                              }
                            }
                          ],
                          "swift" : [
                            {
                              "extractor_root" : "C:\\Users\\minhd\\OneDrive\\Desktop\\NCKHKT\\codeql-win64\\codeql\\swift"
                            }
                          ],
                          "xml" : [
                            {
                              "extractor_root" : "C:\\Users\\minhd\\OneDrive\\Desktop\\NCKHKT\\codeql-win64\\codeql\\xml"
                            }
                          ],
                          "yaml" : [
                            {
                              "extractor_root" : "C:\\Users\\minhd\\OneDrive\\Desktop\\NCKHKT\\codeql-win64\\codeql\\yaml"
                            }
                          ]
                        }
                      }
[2024-04-19 01:51:26] [PROGRESS] database init> Calculating baseline information in C:\Users\minhd\OneDrive\Desktop\codeql demo
[2024-04-19 01:51:26] [SPAMMY] database init> Ignoring the following directories when processing baseline information: .git, .hg, .svn.
[2024-04-19 01:51:26] [DETAILS] database init> Running command in C:\Users\minhd\OneDrive\Desktop\codeql demo: C:\Users\minhd\OneDrive\Desktop\NCKHKT\codeql-win64\codeql\tools\win64\scc.exe --by-file --exclude-dir .git,.hg,.svn --format json --no-large --no-min .
[2024-04-19 01:51:26] [SPAMMY] database init> Found 1 baseline files for python.
[2024-04-19 01:51:26] [PROGRESS] database init> Calculated baseline information for languages: python (69ms).
[2024-04-19 01:51:26] [PROGRESS] database init> Resolving extractor python.
[2024-04-19 01:51:26] [DETAILS] database init> Found candidate extractor root for python: C:\Users\minhd\OneDrive\Desktop\NCKHKT\codeql-win64\codeql\python.
[2024-04-19 01:51:26] [PROGRESS] database init> Successfully loaded extractor Python (python) from C:\Users\minhd\OneDrive\Desktop\NCKHKT\codeql-win64\codeql\python.
[2024-04-19 01:51:26] [PROGRESS] database init> Created skeleton CodeQL database at C:\Users\minhd\OneDrive\Desktop\codeql demo\db. This in-progress database is ready to be populated by an extractor.
[2024-04-19 01:51:26] Plumbing command codeql database init completed.
[2024-04-19 01:51:26] [PROGRESS] database create> Running build command: []
[2024-04-19 01:51:26] Running plumbing command: codeql database trace-command --working-dir=C:\Users\minhd\OneDrive\Desktop\codeql demo --index-traceless-dbs --no-db-cluster -- C:\Users\minhd\OneDrive\Desktop\codeql demo\db
[2024-04-19 01:51:26] Using autobuild script C:\Users\minhd\OneDrive\Desktop\NCKHKT\codeql-win64\codeql\python\tools\autobuild.cmd.
[2024-04-19 01:51:26] [PROGRESS] database trace-command> Running command in C:\Users\minhd\OneDrive\Desktop\codeql demo: [C:\Users\minhd\OneDrive\Desktop\NCKHKT\codeql-win64\codeql\python\tools\autobuild.cmd]
[2024-04-19 01:51:27] [build-stdout] Python 3.10.0
[2024-04-19 01:51:27] [build-stderr] No suitable Python runtime found
[2024-04-19 01:51:27] [build-stderr] Pass --list (-0) to see all detected environments on your machine
[2024-04-19 01:51:27] [build-stderr] or set environment variable PYLAUNCHER_ALLOW_INSTALL to use winget
[2024-04-19 01:51:27] [build-stderr] or open the Microsoft Store to the requested version.
[2024-04-19 01:51:27] [build-stdout] No directories containing root identifiers were found. Returning working directory as root.
[2024-04-19 01:51:27] [build-stdout] Will try to guess Python version, as it was not specified in `lgtm.yml`
[2024-04-19 01:51:27] [build-stdout] Trying to guess Python version based on Trove classifiers in setup.py
[2024-04-19 01:51:27] [build-stdout] Did not find setup.py (expected it to be at C:\Users\minhd\OneDrive\Desktop\codeql demo\setup.py)
[2024-04-19 01:51:27] [build-stdout] Trying to guess Python version based on travis file
[2024-04-19 01:51:27] [build-stdout] Did not find any travis files (expected them at either ['C:\\Users\\minhd\\OneDrive\\Desktop\\codeql demo\\.travis.yml', 'C:\\Users\\minhd\\OneDrive\\Desktop\\codeql demo\\travis.yml'])
[2024-04-19 01:51:27] [build-stdout] Trying to guess Python version based on installed versions
[2024-04-19 01:51:27] [build-stdout] Wanted to run Python 2, but it is not available. Using Python 3 instead
[2024-04-19 01:51:27] [build-stdout] This script is running Python 3, but Python 2 is also available (as 'py -3')
[2024-04-19 01:51:27] [build-stdout] Could not guess Python version, will use default: Python 3
[2024-04-19 01:51:27] [build-stdout] INFO: The Python extractor has recently (from 2.16.0 CodeQL CLI release) stopped extracting dependencies by default, and therefore stopped analyzing the source code of dependencies by default. We plan to remove this entirely in CodeQL CLI release 2.17.0. If you encounter problems, please let us know by submitting an issue to https://github.com/github/codeql, so we can consider adjusting our plans. It is possible to re-enable dependency extraction by exporting 'CODEQL_EXTRACTOR_PYTHON_FORCE_ENABLE_LIBRARY_EXTRACTION_UNTIL_2_17_0=1'.
[2024-04-19 01:51:27] [build-stdout] Calling py -3 -S C:\Users\minhd\OneDrive\Desktop\NCKHKT\codeql-win64\codeql\python\tools\python_tracer.py --verbosity 3 -z all -c C:\Users\minhd\OneDrive\Desktop\codeql demo\db\working\trap_cache -R C:\Users\minhd\OneDrive\Desktop\codeql demo
[2024-04-19 01:51:27] [build-stdout] Python 3.10.0
[2024-04-19 01:51:28] [build-stdout] [INFO] Extraction will use the Python 3 standard library.
[2024-04-19 01:51:28] [build-stdout] [INFO] sys_path is: ['C:\\Users\\minhd\\OneDrive\\Desktop\\NCKHKT\\codeql-win64\\codeql\\python\\tools', 'C:\\Users\\minhd\\AppData\\Local\\Programs\\Python\\Python310\\python310.zip', 'C:\\Users\\minhd\\AppData\\Local\\Programs\\Python\\Python310\\DLLs', 'C:\\Users\\minhd\\AppData\\Local\\Programs\\Python\\Python310\\lib', 'C:\\Users\\minhd\\AppData\\Local\\Programs\\Python\\Python310']
[2024-04-19 01:51:28] [build-stdout] [INFO] Python version 3.10.0
[2024-04-19 01:51:28] [build-stdout] [INFO] Python extractor version 6.1.1
[2024-04-19 01:51:29] [build-stdout] [INFO] [1] Extracted file C:\Users\minhd\OneDrive\Desktop\codeql demo\demo.py in 21ms
[2024-04-19 01:51:29] [build-stdout] [INFO] Processed 1 modules in 1.24s
[2024-04-19 01:51:29] Plumbing command codeql database trace-command completed.
[2024-04-19 01:51:29] [PROGRESS] database create> Finalizing database at C:\Users\minhd\OneDrive\Desktop\codeql demo\db.
[2024-04-19 01:51:29] Running plumbing command: codeql database finalize --mode=trim --no-db-cluster -- C:\Users\minhd\OneDrive\Desktop\codeql demo\db
[2024-04-19 01:51:29] Using pre-finalize script C:\Users\minhd\OneDrive\Desktop\NCKHKT\codeql-win64\codeql\python\tools\pre-finalize.cmd.
[2024-04-19 01:51:29] [PROGRESS] database finalize> Running pre-finalize script C:\Users\minhd\OneDrive\Desktop\NCKHKT\codeql-win64\codeql\python\tools\pre-finalize.cmd in C:\Users\minhd\OneDrive\Desktop\codeql demo.
[2024-04-19 01:51:29] Running plumbing command: codeql database trace-command --working-dir=C:\Users\minhd\OneDrive\Desktop\codeql demo --no-tracing -- C:\Users\minhd\OneDrive\Desktop\codeql demo\db C:\Users\minhd\OneDrive\Desktop\NCKHKT\codeql-win64\codeql\python\tools\pre-finalize.cmd
[2024-04-19 01:51:29] [PROGRESS] database trace-command> Running command in C:\Users\minhd\OneDrive\Desktop\codeql demo: [C:\Users\minhd\OneDrive\Desktop\NCKHKT\codeql-win64\codeql\python\tools\pre-finalize.cmd]
[2024-04-19 01:51:30] [build-stderr] Scanning for files in C:\Users\minhd\OneDrive\Desktop\codeql demo...
[2024-04-19 01:51:30] [build-stderr] C:\Users\minhd\OneDrive\Desktop\codeql demo\db: Indexing files in in C:\Users\minhd\OneDrive\Desktop\codeql demo...
[2024-04-19 01:51:30] [build-stderr] Running command in C:\Users\minhd\OneDrive\Desktop\codeql demo: [C:\Users\minhd\OneDrive\Desktop\NCKHKT\codeql-win64\codeql\yaml\tools\index-files.cmd, C:\Users\minhd\OneDrive\Desktop\codeql demo\db\working\files-to-index15768824568909954899.list]
[2024-04-19 01:51:30] Plumbing command codeql database trace-command completed.
[2024-04-19 01:51:30] [PROGRESS] database finalize> Running TRAP import for CodeQL database at C:\Users\minhd\OneDrive\Desktop\codeql demo\db...
[2024-04-19 01:51:30] Running plumbing command: codeql dataset import --dbscheme=C:\Users\minhd\OneDrive\Desktop\NCKHKT\codeql-win64\codeql\python\semmlecode.python.dbscheme -- C:\Users\minhd\OneDrive\Desktop\codeql demo\db\db-python C:\Users\minhd\OneDrive\Desktop\codeql demo\db\trap\python
[2024-04-19 01:51:30] Clearing disk cache since the version file C:\Users\minhd\OneDrive\Desktop\codeql demo\db\db-python\default\cache\version does not exist
[2024-04-19 01:51:30] Tuple pool not found. Clearing relations with cached strings
[2024-04-19 01:51:30] Trimming disk cache at C:\Users\minhd\OneDrive\Desktop\codeql demo\db\db-python\default\cache in mode clear.
[2024-04-19 01:51:30] Sequence stamp origin is -6194604311976041647
[2024-04-19 01:51:30] Pausing evaluation to hard-clear memory at sequence stamp o+0
[2024-04-19 01:51:30] Unpausing evaluation
[2024-04-19 01:51:30] Pausing evaluation to quickly trim disk at sequence stamp o+1
[2024-04-19 01:51:30] Unpausing evaluation
[2024-04-19 01:51:30] Pausing evaluation to zealously trim disk at sequence stamp o+2
[2024-04-19 01:51:30] Unpausing evaluation
[2024-04-19 01:51:30] Trimming completed (8ms): Purged everything.
[2024-04-19 01:51:31] Scanning for files in C:\Users\minhd\OneDrive\Desktop\codeql demo\db\trap\python
[2024-04-19 01:51:31] Found 7 TRAP files (444.06 KiB)
[2024-04-19 01:51:31] [PROGRESS] dataset import> Importing TRAP files
[2024-04-19 01:51:31] Importing $files.lxq63LOEoR7Wc1j_QgZDxK28d90=.trap.gz (1 of 7)
[2024-04-19 01:51:31] Importing $flags.9d-QlqpyMq1Xg16xrzyMjsWQSgk=.trap.gz (2 of 7)
[2024-04-19 01:51:31] Importing $interpreter3.A_3wIgdPYITRGyposrmsvRWFLJg=.trap.gz (3 of 7)
[2024-04-19 01:51:31] Importing $stdlib_33.jkcJxcYLNknrdUw9i004NcXlIbs=.trap (4 of 7)
[2024-04-19 01:51:31] Importing codeql-database.yml.trap.gz (5 of 7)
[2024-04-19 01:51:31] Importing demo.py.oGXbyEO_oj-FvlXLq8TJlSP63L4=.trap.gz (6 of 7)
[2024-04-19 01:51:31] Importing sourceLocationPrefix.trap.gz (7 of 7)
[2024-04-19 01:51:31] [PROGRESS] dataset import> Merging relations
[2024-04-19 01:51:31] Merging 1 fragment for 'files'.
[2024-04-19 01:51:31] Merged 16 bytes for 'files'.
[2024-04-19 01:51:31] Merging 1 fragment for 'folders'.
[2024-04-19 01:51:31] Merged 56 bytes for 'folders'.
[2024-04-19 01:51:31] Merging 1 fragment for 'containerparent'.
[2024-04-19 01:51:31] Merged 64 bytes for 'containerparent'.
[2024-04-19 01:51:31] Merging 1 fragment for 'py_flags_versioned'.
[2024-04-19 01:51:31] Merged 816 bytes for 'py_flags_versioned'.
[2024-04-19 01:51:31] Merging 1 fragment for 'py_cobjects'.
[2024-04-19 01:51:31] Merged 17452 bytes (17.04 KiB) for 'py_cobjects'.
[2024-04-19 01:51:31] Merging 1 fragment for 'py_cobjecttypes'.
[2024-04-19 01:51:31] Merged 18912 bytes (18.47 KiB) for 'py_cobjecttypes'.
[2024-04-19 01:51:31] Merging 1 fragment for 'py_cobject_sources'.
[2024-04-19 01:51:31] Merged 38296 bytes (37.40 KiB) for 'py_cobject_sources'.
[2024-04-19 01:51:31] Merging 1 fragment for 'py_cobjectnames'.
[2024-04-19 01:51:31] Merged 18912 bytes (18.47 KiB) for 'py_cobjectnames'.
[2024-04-19 01:51:31] Merging 1 fragment for 'py_cmembers_versioned'.
[2024-04-19 01:51:31] Merged 40000 bytes (39.06 KiB) for 'py_cmembers_versioned'.
[2024-04-19 01:51:31] Merging 1 fragment for 'py_special_objects'.
[2024-04-19 01:51:31] Merged 336 bytes for 'py_special_objects'.
[2024-04-19 01:51:31] Merging 1 fragment for 'py_citems'.
[2024-04-19 01:51:31] Merged 2220 bytes (2.17 KiB) for 'py_citems'.
[2024-04-19 01:51:31] Merging 1 fragment for 'ext_rettype'.
[2024-04-19 01:51:31] Merged 12712 bytes (12.41 KiB) for 'ext_rettype'.
[2024-04-19 01:51:31] Merging 1 fragment for 'ext_argtype'.
[2024-04-19 01:51:31] Merged 25536 bytes (24.94 KiB) for 'ext_argtype'.
[2024-04-19 01:51:31] Merging 1 fragment for 'ext_argreturn'.
[2024-04-19 01:51:31] Merged 72 bytes for 'ext_argreturn'.
[2024-04-19 01:51:31] Merging 1 fragment for 'ext_proptype'.
[2024-04-19 01:51:31] Merged 1072 bytes (1.05 KiB) for 'ext_proptype'.
[2024-04-19 01:51:31] Merging 1 fragment for 'yaml_scalars'.
[2024-04-19 01:51:31] Merged 564 bytes for 'yaml_scalars'.
[2024-04-19 01:51:31] Merging 1 fragment for 'yaml'.
[2024-04-19 01:51:31] Merged 1536 bytes (1.50 KiB) for 'yaml'.
[2024-04-19 01:51:31] Merging 1 fragment for 'locations_default'.
[2024-04-19 01:51:31] Merged 1536 bytes (1.50 KiB) for 'locations_default'.
[2024-04-19 01:51:31] Merging 1 fragment for 'yaml_locations'.
[2024-04-19 01:51:31] Merged 512 bytes for 'yaml_locations'.
[2024-04-19 01:51:31] Merging 1 fragment for 'py_Modules'.
[2024-04-19 01:51:31] Merged 4 bytes for 'py_Modules'.
[2024-04-19 01:51:31] Merging 1 fragment for 'py_module_path'.
[2024-04-19 01:51:31] Merged 8 bytes for 'py_module_path'.
[2024-04-19 01:51:31] Merging 1 fragment for 'variable'.
[2024-04-19 01:51:31] Merged 48 bytes for 'variable'.
[2024-04-19 01:51:31] Merging 1 fragment for 'py_extracted_version'.
[2024-04-19 01:51:31] Merged 8 bytes for 'py_extracted_version'.
[2024-04-19 01:51:31] Merging 1 fragment for 'py_stmt_lists'.
[2024-04-19 01:51:31] Merged 12 bytes for 'py_stmt_lists'.
[2024-04-19 01:51:31] Merging 1 fragment for 'py_stmts'.
[2024-04-19 01:51:31] Merged 16 bytes for 'py_stmts'.
[2024-04-19 01:51:31] Merging 1 fragment for 'py_scopes'.
[2024-04-19 01:51:31] Merged 32 bytes for 'py_scopes'.
[2024-04-19 01:51:31] Merging 1 fragment for 'py_exprs'.
[2024-04-19 01:51:31] Merged 48 bytes for 'py_exprs'.
[2024-04-19 01:51:31] Merging 1 fragment for 'py_variables'.
[2024-04-19 01:51:31] Merged 8 bytes for 'py_variables'.
[2024-04-19 01:51:31] Merging 1 fragment for 'py_expr_contexts'.
[2024-04-19 01:51:31] Merged 12 bytes for 'py_expr_contexts'.
[2024-04-19 01:51:31] Merging 1 fragment for 'py_expr_lists'.
[2024-04-19 01:51:31] Merged 12 bytes for 'py_expr_lists'.
[2024-04-19 01:51:31] Merging 1 fragment for 'py_strs'.
[2024-04-19 01:51:31] Merged 24 bytes for 'py_strs'.
[2024-04-19 01:51:31] Merging 1 fragment for 'py_flow_bb_node'.
[2024-04-19 01:51:31] Merged 80 bytes for 'py_flow_bb_node'.
[2024-04-19 01:51:31] Merging 1 fragment for 'py_scope_flow'.
[2024-04-19 01:51:31] Merged 36 bytes for 'py_scope_flow'.
[2024-04-19 01:51:31] Merging 1 fragment for 'py_successors'.
[2024-04-19 01:51:31] Merged 32 bytes for 'py_successors'.
[2024-04-19 01:51:31] Merging 1 fragment for 'py_idoms'.
[2024-04-19 01:51:31] Merged 32 bytes for 'py_idoms'.
[2024-04-19 01:51:31] Merging 1 fragment for 'py_ssa_var'.
[2024-04-19 01:51:31] Merged 8 bytes for 'py_ssa_var'.
[2024-04-19 01:51:31] Merging 1 fragment for 'py_ssa_use'.
[2024-04-19 01:51:31] Merged 8 bytes for 'py_ssa_use'.
[2024-04-19 01:51:31] Merging 1 fragment for 'locations_ast'.
[2024-04-19 01:51:31] Merged 120 bytes for 'locations_ast'.
[2024-04-19 01:51:31] Merging 1 fragment for 'py_scope_location'.
[2024-04-19 01:51:31] Merged 8 bytes for 'py_scope_location'.
[2024-04-19 01:51:31] Merging 1 fragment for 'py_codelines'.
[2024-04-19 01:51:31] Merged 8 bytes for 'py_codelines'.
[2024-04-19 01:51:31] Merging 1 fragment for 'py_commentlines'.
[2024-04-19 01:51:31] Merged 8 bytes for 'py_commentlines'.
[2024-04-19 01:51:31] Merging 1 fragment for 'py_docstringlines'.
[2024-04-19 01:51:31] Merged 8 bytes for 'py_docstringlines'.
[2024-04-19 01:51:31] Merging 1 fragment for 'py_alllines'.
[2024-04-19 01:51:31] Merged 8 bytes for 'py_alllines'.
[2024-04-19 01:51:31] Merging 1 fragment for 'numlines'.
[2024-04-19 01:51:31] Merged 16 bytes for 'numlines'.
[2024-04-19 01:51:31] Merging 1 fragment for 'py_locations'.
[2024-04-19 01:51:31] Merged 32 bytes for 'py_locations'.
[2024-04-19 01:51:31] Merging 1 fragment for 'sourceLocationPrefix'.
[2024-04-19 01:51:31] Merged 4 bytes for 'sourceLocationPrefix'.
[2024-04-19 01:51:31] Saving string and id pools to disk.
[2024-04-19 01:51:32] Finished importing TRAP files.
[2024-04-19 01:51:32] Read 919.03 KiB of uncompressed TRAP data.
[2024-04-19 01:51:32] Relation data size: 177.01 KiB (merge rate: 445.38 KiB/s)
[2024-04-19 01:51:32] String pool size: 2.06 MiB
[2024-04-19 01:51:32] ID pool size: 1.09 MiB
[2024-04-19 01:51:32] [PROGRESS] dataset import> Finished writing database (relations: 177.01 KiB; string pool: 2.06 MiB).
[2024-04-19 01:51:32] Pausing evaluation to close the cache at sequence stamp o+3
[2024-04-19 01:51:32] The disk cache is freshly trimmed; leave it be.
[2024-04-19 01:51:32] Unpausing evaluation
[2024-04-19 01:51:32] Plumbing command codeql dataset import completed.
[2024-04-19 01:51:32] [PROGRESS] database finalize> TRAP import complete (1.3s).
[2024-04-19 01:51:32] Running plumbing command: codeql database cleanup --mode=trim -- C:\Users\minhd\OneDrive\Desktop\codeql demo\db
[2024-04-19 01:51:32] [PROGRESS] database cleanup> Cleaning up existing TRAP files after import...
[2024-04-19 01:51:32] [PROGRESS] database cleanup> TRAP files cleaned up (3ms).
[2024-04-19 01:51:32] [PROGRESS] database cleanup> Cleaning up scratch directory...
[2024-04-19 01:51:32] [PROGRESS] database cleanup> Scratch directory cleaned up (1ms).
[2024-04-19 01:51:32] Running plumbing command: codeql dataset cleanup --mode=trim -- C:\Users\minhd\OneDrive\Desktop\codeql demo\db\db-python
[2024-04-19 01:51:32] [PROGRESS] dataset cleanup> Cleaning up dataset in C:\Users\minhd\OneDrive\Desktop\codeql demo\db\db-python.
[2024-04-19 01:51:32] Trimming disk cache at C:\Users\minhd\OneDrive\Desktop\codeql demo\db\db-python\default\cache in mode trim.
[2024-04-19 01:51:32] Sequence stamp origin is -6194604306604099275
[2024-04-19 01:51:32] Pausing evaluation to quickly trim memory at sequence stamp o+0
[2024-04-19 01:51:32] Unpausing evaluation
[2024-04-19 01:51:32] Pausing evaluation to zealously trim disk at sequence stamp o+1
[2024-04-19 01:51:32] Unpausing evaluation
[2024-04-19 01:51:32] Trimming completed (4ms): Trimmed disposable data from cache.
[2024-04-19 01:51:32] Pausing evaluation to close the cache at sequence stamp o+2
[2024-04-19 01:51:32] The disk cache is freshly trimmed; leave it be.
[2024-04-19 01:51:32] Unpausing evaluation
[2024-04-19 01:51:32] [PROGRESS] dataset cleanup> Trimmed disposable data from cache.
[2024-04-19 01:51:32] [PROGRESS] dataset cleanup> Finalizing dataset in C:\Users\minhd\OneDrive\Desktop\codeql demo\db\db-python
[2024-04-19 01:51:32] [DETAILS] dataset cleanup> Finished deleting ID pool from C:\Users\minhd\OneDrive\Desktop\codeql demo\db\db-python (2ms).
[2024-04-19 01:51:32] Plumbing command codeql dataset cleanup completed.
[2024-04-19 01:51:32] Plumbing command codeql database cleanup completed with status 0.
[2024-04-19 01:51:32] [PROGRESS] database finalize> Finished zipping source archive (838.00 B).
[2024-04-19 01:51:32] Plumbing command codeql database finalize completed.
[2024-04-19 01:51:32] [PROGRESS] database create> Successfully created database at C:\Users\minhd\OneDrive\Desktop\codeql demo\db.
[2024-04-19 01:51:32] Terminating normally.
