[2024-04-19 02:09:22] This is codeql database analyze C:\Users\minhd\OneDrive\Desktop\codeql demo\db codeql/python-queries:Functions --format=sarif-latest --output=C:\Users\minhd\OneDrive\Desktop\codeql demo\python-results.sarif --download
[2024-04-19 02:09:22] Log file was started late.
[2024-04-19 02:09:22] [DETAILS] database analyze> Downloading queries...
[2024-04-19 02:09:22] Running plumbing command: codeql pack download --format json --qlconfig-file=C:\Users\minhd\qlconfig.yml -- codeql/python-queries:Functions
[2024-04-19 02:09:22] [PROGRESS] pack download> Package specifications to check for download: codeql/python-queries:Functions
[2024-04-19 02:09:22] Calling plumbing command: codeql resolve queries --qlconfig-file=C:\Users\minhd\qlconfig.yml --format installedpacks codeql/python-queries:Functions
[2024-04-19 02:09:22] [PROGRESS] resolve queries> Recording pack reference codeql/python-queries at C:\Users\minhd\.codeql\packages\codeql\python-queries\0.9.13.
[2024-04-19 02:09:22] Plumbing command codeql resolve queries completed:
                      {
                        "installedPacks" : [
                          "codeql/python-queries@latest"
                        ]
                      }
[2024-04-19 02:09:22] [DETAILS] pack download> Packaging> Requesting package versions of codeql/python-queries from https://ghcr.io/v2/codeql/python-queries/tags/list?n=100
[2024-04-19 02:09:22] [DETAILS] pack download> Packaging> GET Anonymous credentials 'https://ghcr.io/token?scope=repository:codeql/python-queries:pull'
[2024-04-19 02:09:23] [DETAILS] pack download> Packaging> RESPONSE 'HTTP/1.1 200 OK'
[2024-04-19 02:09:23] [PROGRESS] pack download> Did not need to download any packs.
[2024-04-19 02:09:23] Plumbing command codeql pack download completed.
[2024-04-19 02:09:23] [PROGRESS] database analyze> Running queries.
[2024-04-19 02:09:23] Running plumbing command: codeql database run-queries --evaluator-log-level=5 --warnings=show --qlconfig-file=C:\Users\minhd\qlconfig.yml --no-rerun -- C:\Users\minhd\OneDrive\Desktop\codeql demo\db codeql/python-queries:Functions
[2024-04-19 02:09:23] Calling plumbing command: codeql resolve ram --dataset=C:\Users\minhd\OneDrive\Desktop\codeql demo\db\db-python --format=json
[2024-04-19 02:09:23] [PROGRESS] resolve ram> Stringpool size measured as 2154874
[2024-04-19 02:09:23] Plumbing command codeql resolve ram completed:
                      [
                        "-J-Xmx1800M",
                        "--off-heap-ram=1658"
                      ]
[2024-04-19 02:09:23] Spawning plumbing command: execute queries -J-Xmx1800M --off-heap-ram=1658 --verbosity=progress --logdir=C:\Users\minhd\OneDrive\Desktop\codeql demo\db\log --evaluator-log-level=5 --warnings=show --qlconfig-file=C:\Users\minhd\qlconfig.yml --no-rerun --output=C:\Users\minhd\OneDrive\Desktop\codeql demo\db\results -- C:\Users\minhd\OneDrive\Desktop\codeql demo\db\db-python codeql/python-queries:Functions
[2024-04-19 02:09:27] Plumbing command codeql execute queries terminated with status 0.
[2024-04-19 02:09:27] Plumbing command codeql database run-queries completed with status 0.
[2024-04-19 02:09:27] [PROGRESS] database analyze> Interpreting results.
[2024-04-19 02:09:27] Running plumbing command: codeql database interpret-results --format=sarif-latest -o=C:\Users\minhd\OneDrive\Desktop\codeql demo\python-results.sarif --max-paths=4 --csv-location-format=line-column --print-diagnostics-summary --print-metrics-summary --qlconfig-file=C:\Users\minhd\qlconfig.yml -- C:\Users\minhd\OneDrive\Desktop\codeql demo\db codeql/python-queries:Functions
[2024-04-19 02:09:27] Calling plumbing command: codeql resolve queries --qlconfig-file=C:\Users\minhd\qlconfig.yml --format=json -- codeql/python-queries:Functions
[2024-04-19 02:09:27] [PROGRESS] resolve queries> Recording pack reference codeql/python-queries at C:\Users\minhd\.codeql\packages\codeql\python-queries\0.9.13.
[2024-04-19 02:09:27] [SPAMMIER] resolve queries> Resolution instruction: queries 'Functions'.
[2024-04-19 02:09:27] [SPAMMY] resolve queries> Scanning for QL files at C:\Users\minhd\.codeql\packages\codeql\python-queries\0.9.13\Functions.
[2024-04-19 02:09:27] [SPAMMY] resolve queries> Found 18 QL files in C:\Users\minhd\.codeql\packages\codeql\python-queries\0.9.13\Functions.
[2024-04-19 02:09:27] [SPAMMY] resolve queries> Query Filter: Implicitly including C:\Users\minhd\.codeql\packages\codeql\python-queries\0.9.13\Functions\ConsistentReturns.ql.
[2024-04-19 02:09:27] [SPAMMY] resolve queries> Query Filter: Implicitly including C:\Users\minhd\.codeql\packages\codeql\python-queries\0.9.13\Functions\DeprecatedSliceMethod.ql.
[2024-04-19 02:09:27] [SPAMMY] resolve queries> Query Filter: Implicitly including C:\Users\minhd\.codeql\packages\codeql\python-queries\0.9.13\Functions\ExplicitReturnInInit.ql.
[2024-04-19 02:09:27] [SPAMMY] resolve queries> Query Filter: Implicitly including C:\Users\minhd\.codeql\packages\codeql\python-queries\0.9.13\Functions\IncorrectlyOverriddenMethod.ql.
[2024-04-19 02:09:27] [SPAMMY] resolve queries> Query Filter: Implicitly including C:\Users\minhd\.codeql\packages\codeql\python-queries\0.9.13\Functions\IncorrectlySpecifiedOverriddenMethod.ql.
[2024-04-19 02:09:27] [SPAMMY] resolve queries> Query Filter: Implicitly including C:\Users\minhd\.codeql\packages\codeql\python-queries\0.9.13\Functions\IncorrectRaiseInSpecialMethod.ql.
[2024-04-19 02:09:27] [SPAMMY] resolve queries> Query Filter: Implicitly including C:\Users\minhd\.codeql\packages\codeql\python-queries\0.9.13\Functions\InitIsGenerator.ql.
[2024-04-19 02:09:27] [SPAMMY] resolve queries> Query Filter: Implicitly including C:\Users\minhd\.codeql\packages\codeql\python-queries\0.9.13\Functions\IterReturnsNonIterator.ql.
[2024-04-19 02:09:27] [SPAMMY] resolve queries> Query Filter: Implicitly including C:\Users\minhd\.codeql\packages\codeql\python-queries\0.9.13\Functions\IterReturnsNonSelf.ql.
[2024-04-19 02:09:27] [SPAMMY] resolve queries> Query Filter: Implicitly including C:\Users\minhd\.codeql\packages\codeql\python-queries\0.9.13\Functions\ModificationOfParameterWithDefault.ql.
[2024-04-19 02:09:27] [SPAMMY] resolve queries> Query Filter: Implicitly including C:\Users\minhd\.codeql\packages\codeql\python-queries\0.9.13\Functions\NonCls.ql.
[2024-04-19 02:09:27] [SPAMMY] resolve queries> Query Filter: Implicitly including C:\Users\minhd\.codeql\packages\codeql\python-queries\0.9.13\Functions\NonSelf.ql.
[2024-04-19 02:09:27] [SPAMMY] resolve queries> Query Filter: Implicitly including C:\Users\minhd\.codeql\packages\codeql\python-queries\0.9.13\Functions\OverlyComplexDelMethod.ql.
[2024-04-19 02:09:27] [SPAMMY] resolve queries> Query Filter: Implicitly including C:\Users\minhd\.codeql\packages\codeql\python-queries\0.9.13\Functions\ReturnConsistentTupleSizes.ql.
[2024-04-19 02:09:27] [SPAMMY] resolve queries> Query Filter: Implicitly including C:\Users\minhd\.codeql\packages\codeql\python-queries\0.9.13\Functions\ReturnValueIgnored.ql.
[2024-04-19 02:09:27] [SPAMMY] resolve queries> Query Filter: Implicitly including C:\Users\minhd\.codeql\packages\codeql\python-queries\0.9.13\Functions\SignatureOverriddenMethod.ql.
[2024-04-19 02:09:27] [SPAMMY] resolve queries> Query Filter: Implicitly including C:\Users\minhd\.codeql\packages\codeql\python-queries\0.9.13\Functions\SignatureSpecialMethods.ql.
[2024-04-19 02:09:27] [SPAMMY] resolve queries> Query Filter: Implicitly including C:\Users\minhd\.codeql\packages\codeql\python-queries\0.9.13\Functions\UseImplicitNoneReturnValue.ql.
[2024-04-19 02:09:27] [DETAILS] resolve queries> Got 18 queries from C:\Users\minhd.
[2024-04-19 02:09:27] Plumbing command codeql resolve queries completed:
                      [
                        "C:\\Users\\minhd\\.codeql\\packages\\codeql\\python-queries\\0.9.13\\Functions\\ConsistentReturns.ql",
                        "C:\\Users\\minhd\\.codeql\\packages\\codeql\\python-queries\\0.9.13\\Functions\\DeprecatedSliceMethod.ql",
                        "C:\\Users\\minhd\\.codeql\\packages\\codeql\\python-queries\\0.9.13\\Functions\\ExplicitReturnInInit.ql",
                        "C:\\Users\\minhd\\.codeql\\packages\\codeql\\python-queries\\0.9.13\\Functions\\IncorrectlyOverriddenMethod.ql",
                        "C:\\Users\\minhd\\.codeql\\packages\\codeql\\python-queries\\0.9.13\\Functions\\IncorrectlySpecifiedOverriddenMethod.ql",
                        "C:\\Users\\minhd\\.codeql\\packages\\codeql\\python-queries\\0.9.13\\Functions\\IncorrectRaiseInSpecialMethod.ql",
                        "C:\\Users\\minhd\\.codeql\\packages\\codeql\\python-queries\\0.9.13\\Functions\\InitIsGenerator.ql",
                        "C:\\Users\\minhd\\.codeql\\packages\\codeql\\python-queries\\0.9.13\\Functions\\IterReturnsNonIterator.ql",
                        "C:\\Users\\minhd\\.codeql\\packages\\codeql\\python-queries\\0.9.13\\Functions\\IterReturnsNonSelf.ql",
                        "C:\\Users\\minhd\\.codeql\\packages\\codeql\\python-queries\\0.9.13\\Functions\\ModificationOfParameterWithDefault.ql",
                        "C:\\Users\\minhd\\.codeql\\packages\\codeql\\python-queries\\0.9.13\\Functions\\NonCls.ql",
                        "C:\\Users\\minhd\\.codeql\\packages\\codeql\\python-queries\\0.9.13\\Functions\\NonSelf.ql",
                        "C:\\Users\\minhd\\.codeql\\packages\\codeql\\python-queries\\0.9.13\\Functions\\OverlyComplexDelMethod.ql",
                        "C:\\Users\\minhd\\.codeql\\packages\\codeql\\python-queries\\0.9.13\\Functions\\ReturnConsistentTupleSizes.ql",
                        "C:\\Users\\minhd\\.codeql\\packages\\codeql\\python-queries\\0.9.13\\Functions\\ReturnValueIgnored.ql",
                        "C:\\Users\\minhd\\.codeql\\packages\\codeql\\python-queries\\0.9.13\\Functions\\SignatureOverriddenMethod.ql",
                        "C:\\Users\\minhd\\.codeql\\packages\\codeql\\python-queries\\0.9.13\\Functions\\SignatureSpecialMethods.ql",
                        "C:\\Users\\minhd\\.codeql\\packages\\codeql\\python-queries\\0.9.13\\Functions\\UseImplicitNoneReturnValue.ql"
                      ]
[2024-04-19 02:09:27] Calling plumbing command: codeql resolve extensions --qlconfig-file=C:\Users\minhd\qlconfig.yml codeql/python-queries:Functions
[2024-04-19 02:09:27] Calling plumbing command: codeql resolve queries --qlconfig-file=C:\Users\minhd\qlconfig.yml --allow-library-packs --format startingpacks -- codeql/python-queries:Functions
[2024-04-19 02:09:27] [PROGRESS] resolve queries> Recording pack reference codeql/python-queries at C:\Users\minhd\.codeql\packages\codeql\python-queries\0.9.13.
[2024-04-19 02:09:27] [SPAMMIER] resolve queries> Resolution instruction: queries 'Functions'.
[2024-04-19 02:09:27] [SPAMMY] resolve queries> Scanning for QL files at C:\Users\minhd\.codeql\packages\codeql\python-queries\0.9.13\Functions.
[2024-04-19 02:09:27] [SPAMMY] resolve queries> Found 18 QL files in C:\Users\minhd\.codeql\packages\codeql\python-queries\0.9.13\Functions.
[2024-04-19 02:09:27] [SPAMMY] resolve queries> Query Filter: Implicitly including C:\Users\minhd\.codeql\packages\codeql\python-queries\0.9.13\Functions\ConsistentReturns.ql.
[2024-04-19 02:09:27] [SPAMMY] resolve queries> Query Filter: Implicitly including C:\Users\minhd\.codeql\packages\codeql\python-queries\0.9.13\Functions\DeprecatedSliceMethod.ql.
[2024-04-19 02:09:27] [SPAMMY] resolve queries> Query Filter: Implicitly including C:\Users\minhd\.codeql\packages\codeql\python-queries\0.9.13\Functions\ExplicitReturnInInit.ql.
[2024-04-19 02:09:27] [SPAMMY] resolve queries> Query Filter: Implicitly including C:\Users\minhd\.codeql\packages\codeql\python-queries\0.9.13\Functions\IncorrectlyOverriddenMethod.ql.
[2024-04-19 02:09:27] [SPAMMY] resolve queries> Query Filter: Implicitly including C:\Users\minhd\.codeql\packages\codeql\python-queries\0.9.13\Functions\IncorrectlySpecifiedOverriddenMethod.ql.
[2024-04-19 02:09:27] [SPAMMY] resolve queries> Query Filter: Implicitly including C:\Users\minhd\.codeql\packages\codeql\python-queries\0.9.13\Functions\IncorrectRaiseInSpecialMethod.ql.
[2024-04-19 02:09:27] [SPAMMY] resolve queries> Query Filter: Implicitly including C:\Users\minhd\.codeql\packages\codeql\python-queries\0.9.13\Functions\InitIsGenerator.ql.
[2024-04-19 02:09:27] [SPAMMY] resolve queries> Query Filter: Implicitly including C:\Users\minhd\.codeql\packages\codeql\python-queries\0.9.13\Functions\IterReturnsNonIterator.ql.
[2024-04-19 02:09:27] [SPAMMY] resolve queries> Query Filter: Implicitly including C:\Users\minhd\.codeql\packages\codeql\python-queries\0.9.13\Functions\IterReturnsNonSelf.ql.
[2024-04-19 02:09:27] [SPAMMY] resolve queries> Query Filter: Implicitly including C:\Users\minhd\.codeql\packages\codeql\python-queries\0.9.13\Functions\ModificationOfParameterWithDefault.ql.
[2024-04-19 02:09:27] [SPAMMY] resolve queries> Query Filter: Implicitly including C:\Users\minhd\.codeql\packages\codeql\python-queries\0.9.13\Functions\NonCls.ql.
[2024-04-19 02:09:27] [SPAMMY] resolve queries> Query Filter: Implicitly including C:\Users\minhd\.codeql\packages\codeql\python-queries\0.9.13\Functions\NonSelf.ql.
[2024-04-19 02:09:27] [SPAMMY] resolve queries> Query Filter: Implicitly including C:\Users\minhd\.codeql\packages\codeql\python-queries\0.9.13\Functions\OverlyComplexDelMethod.ql.
[2024-04-19 02:09:27] [SPAMMY] resolve queries> Query Filter: Implicitly including C:\Users\minhd\.codeql\packages\codeql\python-queries\0.9.13\Functions\ReturnConsistentTupleSizes.ql.
[2024-04-19 02:09:27] [SPAMMY] resolve queries> Query Filter: Implicitly including C:\Users\minhd\.codeql\packages\codeql\python-queries\0.9.13\Functions\ReturnValueIgnored.ql.
[2024-04-19 02:09:27] [SPAMMY] resolve queries> Query Filter: Implicitly including C:\Users\minhd\.codeql\packages\codeql\python-queries\0.9.13\Functions\SignatureOverriddenMethod.ql.
[2024-04-19 02:09:27] [SPAMMY] resolve queries> Query Filter: Implicitly including C:\Users\minhd\.codeql\packages\codeql\python-queries\0.9.13\Functions\SignatureSpecialMethods.ql.
[2024-04-19 02:09:27] [SPAMMY] resolve queries> Query Filter: Implicitly including C:\Users\minhd\.codeql\packages\codeql\python-queries\0.9.13\Functions\UseImplicitNoneReturnValue.ql.
[2024-04-19 02:09:27] [DETAILS] resolve queries> Got 18 queries from C:\Users\minhd.
[2024-04-19 02:09:27] Plumbing command codeql resolve queries completed:
                      [
                        "C:\\Users\\minhd\\.codeql\\packages\\codeql\\python-queries\\0.9.13"
                      ]
[2024-04-19 02:09:27] Calling plumbing command: codeql resolve extensions-by-pack --qlconfig-file=C:\Users\minhd\qlconfig.yml -- C:\Users\minhd\.codeql\packages\codeql\python-queries\0.9.13
[2024-04-19 02:09:27] [SPAMMY] resolve extensions-by-pack> [INCOMPATIBILITY] codeql/python-queries: not 0.9.13 {root: codeql/python-queries@0.9.13}
[2024-04-19 02:09:27] [SPAMMY] resolve extensions-by-pack> [DERIVATION] codeql/python-queries: 0.9.13 {codeql/python-queries: not 0.9.13 {root: codeql/python-queries@0.9.13}}
[2024-04-19 02:09:27] [SPAMMY] resolve extensions-by-pack> [INCOMPATIBILITY] codeql/python-queries: * [*], codeql/python-all: not * [*] {dependency: codeql/python-queries@* [*] requires codeql/python-all@0.11.13}
[2024-04-19 02:09:27] [SPAMMY] resolve extensions-by-pack> [INCOMPATIBILITY] codeql/python-queries: * [*], codeql/suite-helpers: not * [*] {dependency: codeql/python-queries@* [*] requires codeql/suite-helpers@0.7.13}
[2024-04-19 02:09:27] [SPAMMY] resolve extensions-by-pack> [DECISION 1] codeql/python-queries: 0.9.13
[2024-04-19 02:09:27] [SPAMMY] resolve extensions-by-pack> [DERIVATION] codeql/suite-helpers: * [*] {codeql/python-queries: * [*], codeql/suite-helpers: not * [*] {dependency: codeql/python-queries@* [*] requires codeql/suite-helpers@0.7.13}}
[2024-04-19 02:09:27] [SPAMMY] resolve extensions-by-pack> [DERIVATION] codeql/python-all: * [*] {codeql/python-queries: * [*], codeql/python-all: not * [*] {dependency: codeql/python-queries@* [*] requires codeql/python-all@0.11.13}}
[2024-04-19 02:09:27] [SPAMMY] resolve extensions-by-pack> [INCOMPATIBILITY] codeql/python-all: * [*], codeql/dataflow: not * [*] {dependency: codeql/python-all@* [*] requires codeql/dataflow@0.2.4}
[2024-04-19 02:09:27] [SPAMMY] resolve extensions-by-pack> [INCOMPATIBILITY] codeql/python-all: * [*], codeql/mad: not * [*] {dependency: codeql/python-all@* [*] requires codeql/mad@0.2.13}
[2024-04-19 02:09:27] [SPAMMY] resolve extensions-by-pack> [INCOMPATIBILITY] codeql/python-all: * [*], codeql/regex: not * [*] {dependency: codeql/python-all@* [*] requires codeql/regex@0.2.13}
[2024-04-19 02:09:27] [SPAMMY] resolve extensions-by-pack> [INCOMPATIBILITY] codeql/python-all: * [*], codeql/tutorial: not * [*] {dependency: codeql/python-all@* [*] requires codeql/tutorial@0.2.13}
[2024-04-19 02:09:27] [SPAMMY] resolve extensions-by-pack> [INCOMPATIBILITY] codeql/python-all: * [*], codeql/util: not * [*] {dependency: codeql/python-all@* [*] requires codeql/util@0.2.13}
[2024-04-19 02:09:27] [SPAMMY] resolve extensions-by-pack> [INCOMPATIBILITY] codeql/python-all: * [*], codeql/yaml: not * [*] {dependency: codeql/python-all@* [*] requires codeql/yaml@0.2.13}
[2024-04-19 02:09:27] [SPAMMY] resolve extensions-by-pack> [DECISION 2] codeql/python-all: 0.11.13
[2024-04-19 02:09:27] [SPAMMY] resolve extensions-by-pack> [DERIVATION] codeql/yaml: * [*] {codeql/python-all: * [*], codeql/yaml: not * [*] {dependency: codeql/python-all@* [*] requires codeql/yaml@0.2.13}}
[2024-04-19 02:09:27] [SPAMMY] resolve extensions-by-pack> [DERIVATION] codeql/util: * [*] {codeql/python-all: * [*], codeql/util: not * [*] {dependency: codeql/python-all@* [*] requires codeql/util@0.2.13}}
[2024-04-19 02:09:27] [SPAMMY] resolve extensions-by-pack> [DERIVATION] codeql/tutorial: * [*] {codeql/python-all: * [*], codeql/tutorial: not * [*] {dependency: codeql/python-all@* [*] requires codeql/tutorial@0.2.13}}
[2024-04-19 02:09:27] [SPAMMY] resolve extensions-by-pack> [DERIVATION] codeql/regex: * [*] {codeql/python-all: * [*], codeql/regex: not * [*] {dependency: codeql/python-all@* [*] requires codeql/regex@0.2.13}}
[2024-04-19 02:09:27] [SPAMMY] resolve extensions-by-pack> [DERIVATION] codeql/mad: * [*] {codeql/python-all: * [*], codeql/mad: not * [*] {dependency: codeql/python-all@* [*] requires codeql/mad@0.2.13}}
[2024-04-19 02:09:27] [SPAMMY] resolve extensions-by-pack> [DERIVATION] codeql/dataflow: * [*] {codeql/python-all: * [*], codeql/dataflow: not * [*] {dependency: codeql/python-all@* [*] requires codeql/dataflow@0.2.4}}
[2024-04-19 02:09:27] [SPAMMY] resolve extensions-by-pack> [INCOMPATIBILITY] codeql/dataflow: * [*], codeql/ssa: not * [*] {dependency: codeql/dataflow@* [*] requires codeql/ssa@0.2.13}
[2024-04-19 02:09:27] [SPAMMY] resolve extensions-by-pack> [INCOMPATIBILITY] codeql/dataflow: * [*], codeql/typetracking: not * [*] {dependency: codeql/dataflow@* [*] requires codeql/typetracking@0.2.13}
[2024-04-19 02:09:27] [SPAMMY] resolve extensions-by-pack> [INCOMPATIBILITY] codeql/dataflow: * [*], codeql/util: not * [*] {dependency: codeql/dataflow@* [*] requires codeql/util@0.2.13}
[2024-04-19 02:09:27] [SPAMMY] resolve extensions-by-pack> [DECISION 3] codeql/dataflow: 0.2.4
[2024-04-19 02:09:27] [SPAMMY] resolve extensions-by-pack> [DERIVATION] codeql/typetracking: * [*] {codeql/dataflow: * [*], codeql/typetracking: not * [*] {dependency: codeql/dataflow@* [*] requires codeql/typetracking@0.2.13}}
[2024-04-19 02:09:27] [SPAMMY] resolve extensions-by-pack> [DERIVATION] codeql/ssa: * [*] {codeql/dataflow: * [*], codeql/ssa: not * [*] {dependency: codeql/dataflow@* [*] requires codeql/ssa@0.2.13}}
[2024-04-19 02:09:27] [SPAMMY] resolve extensions-by-pack> [DECISION 4] codeql/mad: 0.2.13
[2024-04-19 02:09:27] [SPAMMY] resolve extensions-by-pack> [INCOMPATIBILITY] codeql/regex: * [*], codeql/util: not * [*] {dependency: codeql/regex@* [*] requires codeql/util@0.2.13}
[2024-04-19 02:09:27] [SPAMMY] resolve extensions-by-pack> [DECISION 5] codeql/regex: 0.2.13
[2024-04-19 02:09:27] [SPAMMY] resolve extensions-by-pack> [INCOMPATIBILITY] codeql/ssa: * [*], codeql/util: not * [*] {dependency: codeql/ssa@* [*] requires codeql/util@0.2.13}
[2024-04-19 02:09:27] [SPAMMY] resolve extensions-by-pack> [DECISION 6] codeql/ssa: 0.2.13
[2024-04-19 02:09:27] [SPAMMY] resolve extensions-by-pack> [DECISION 7] codeql/suite-helpers: 0.7.13
[2024-04-19 02:09:27] [SPAMMY] resolve extensions-by-pack> [DECISION 8] codeql/tutorial: 0.2.13
[2024-04-19 02:09:27] [SPAMMY] resolve extensions-by-pack> [INCOMPATIBILITY] codeql/typetracking: * [*], codeql/util: not * [*] {dependency: codeql/typetracking@* [*] requires codeql/util@0.2.13}
[2024-04-19 02:09:27] [SPAMMY] resolve extensions-by-pack> [DECISION 9] codeql/typetracking: 0.2.13
[2024-04-19 02:09:27] [SPAMMY] resolve extensions-by-pack> [DECISION 10] codeql/util: 0.2.13
[2024-04-19 02:09:27] [SPAMMY] resolve extensions-by-pack> [DECISION 11] codeql/yaml: 0.2.13
[2024-04-19 02:09:27] [PROGRESS] resolve extensions-by-pack> Loading data extensions in C:\Users\minhd\.codeql\packages\codeql\python-queries\0.9.13\.codeql\libraries\codeql\python-all\0.11.13\semmle\python\frameworks\data\internal\empty.model.yml.
[2024-04-19 02:09:27] [DETAILS] resolve extensions-by-pack>   Found extension targeting codeql/python-all:sourceModel: 0 tuples.
[2024-04-19 02:09:27] [DETAILS] resolve extensions-by-pack>   Found extension targeting codeql/python-all:sinkModel: 0 tuples.
[2024-04-19 02:09:27] [DETAILS] resolve extensions-by-pack>   Found extension targeting codeql/python-all:summaryModel: 0 tuples.
[2024-04-19 02:09:27] [DETAILS] resolve extensions-by-pack>   Found extension targeting codeql/python-all:neutralModel: 0 tuples.
[2024-04-19 02:09:27] [DETAILS] resolve extensions-by-pack>   Found extension targeting codeql/python-all:typeModel: 0 tuples.
[2024-04-19 02:09:27] [DETAILS] resolve extensions-by-pack>   Found extension targeting codeql/python-all:typeVariableModel: 0 tuples.
[2024-04-19 02:09:28] [PROGRESS] resolve extensions-by-pack> Loading data extensions in C:\Users\minhd\.codeql\packages\codeql\python-queries\0.9.13\.codeql\libraries\codeql\python-all\0.11.13\semmle\python\frameworks\data\internal\subclass-capture\ALL.model.yml.
[2024-04-19 02:09:28] [DETAILS] resolve extensions-by-pack>   Found extension targeting codeql/python-all:typeModel: 58275 tuples.
[2024-04-19 02:09:28] Plumbing command codeql resolve extensions-by-pack completed:
                      {
                        "models" : [ ],
                        "data" : {
                          "C:\\Users\\minhd\\.codeql\\packages\\codeql\\python-queries\\0.9.13" : [
                            {
                              "predicate" : "sourceModel",
                              "file" : "C:\\Users\\minhd\\.codeql\\packages\\codeql\\python-queries\\0.9.13\\.codeql\\libraries\\codeql\\python-all\\0.11.13\\semmle\\python\\frameworks\\data\\internal\\empty.model.yml",
                              "index" : 0,
                              "firstRowId" : 0,
                              "rowCount" : 0,
                              "predicateHasOrigin" : false
                            },
                            {
                              "predicate" : "sinkModel",
                              "file" : "C:\\Users\\minhd\\.codeql\\packages\\codeql\\python-queries\\0.9.13\\.codeql\\libraries\\codeql\\python-all\\0.11.13\\semmle\\python\\frameworks\\data\\internal\\empty.model.yml",
                              "index" : 1,
                              "firstRowId" : 0,
                              "rowCount" : 0,
                              "predicateHasOrigin" : false
                            },
                            {
                              "predicate" : "summaryModel",
                              "file" : "C:\\Users\\minhd\\.codeql\\packages\\codeql\\python-queries\\0.9.13\\.codeql\\libraries\\codeql\\python-all\\0.11.13\\semmle\\python\\frameworks\\data\\internal\\empty.model.yml",
                              "index" : 2,
                              "firstRowId" : 0,
                              "rowCount" : 0,
                              "predicateHasOrigin" : false
                            },
                            {
                              "predicate" : "neutralModel",
                              "file" : "C:\\Users\\minhd\\.codeql\\packages\\codeql\\python-queries\\0.9.13\\.codeql\\libraries\\codeql\\python-all\\0.11.13\\semmle\\python\\frameworks\\data\\internal\\empty.model.yml",
                              "index" : 3,
                              "firstRowId" : 0,
                              "rowCount" : 0,
                              "predicateHasOrigin" : false
                            },
                            {
                              "predicate" : "typeModel",
                              "file" : "C:\\Users\\minhd\\.codeql\\packages\\codeql\\python-queries\\0.9.13\\.codeql\\libraries\\codeql\\python-all\\0.11.13\\semmle\\python\\frameworks\\data\\internal\\empty.model.yml",
                              "index" : 4,
                              "firstRowId" : 0,
                              "rowCount" : 0,
                              "predicateHasOrigin" : false
                            },
                            {
                              "predicate" : "typeVariableModel",
                              "file" : "C:\\Users\\minhd\\.codeql\\packages\\codeql\\python-queries\\0.9.13\\.codeql\\libraries\\codeql\\python-all\\0.11.13\\semmle\\python\\frameworks\\data\\internal\\empty.model.yml",
                              "index" : 5,
                              "firstRowId" : 0,
                              "rowCount" : 0,
                              "predicateHasOrigin" : false
                            },
                            {
                              "predicate" : "typeModel",
                              "file" : "C:\\Users\\minhd\\.codeql\\packages\\codeql\\python-queries\\0.9.13\\.codeql\\libraries\\codeql\\python-all\\0.11.13\\semmle\\python\\frameworks\\data\\internal\\subclass-capture\\ALL.model.yml",
                              "index" : 0,
                              "firstRowId" : 0,
                              "rowCount" : 58275,
                              "predicateHasOrigin" : false
                            }
                          ]
                        },
                        "threatModels" : { },
                        "extensionPacks" : [ ]
                      }
[2024-04-19 02:09:28] Plumbing command codeql resolve extensions completed:
                      {
                        "models" : [ ],
                        "data" : {
                          "C:\\Users\\minhd\\.codeql\\packages\\codeql\\python-queries\\0.9.13" : [
                            {
                              "predicate" : "sourceModel",
                              "file" : "C:\\Users\\minhd\\.codeql\\packages\\codeql\\python-queries\\0.9.13\\.codeql\\libraries\\codeql\\python-all\\0.11.13\\semmle\\python\\frameworks\\data\\internal\\empty.model.yml",
                              "index" : 0,
                              "firstRowId" : 0,
                              "rowCount" : 0,
                              "predicateHasOrigin" : false
                            },
                            {
                              "predicate" : "sinkModel",
                              "file" : "C:\\Users\\minhd\\.codeql\\packages\\codeql\\python-queries\\0.9.13\\.codeql\\libraries\\codeql\\python-all\\0.11.13\\semmle\\python\\frameworks\\data\\internal\\empty.model.yml",
                              "index" : 1,
                              "firstRowId" : 0,
                              "rowCount" : 0,
                              "predicateHasOrigin" : false
                            },
                            {
                              "predicate" : "summaryModel",
                              "file" : "C:\\Users\\minhd\\.codeql\\packages\\codeql\\python-queries\\0.9.13\\.codeql\\libraries\\codeql\\python-all\\0.11.13\\semmle\\python\\frameworks\\data\\internal\\empty.model.yml",
                              "index" : 2,
                              "firstRowId" : 0,
                              "rowCount" : 0,
                              "predicateHasOrigin" : false
                            },
                            {
                              "predicate" : "neutralModel",
                              "file" : "C:\\Users\\minhd\\.codeql\\packages\\codeql\\python-queries\\0.9.13\\.codeql\\libraries\\codeql\\python-all\\0.11.13\\semmle\\python\\frameworks\\data\\internal\\empty.model.yml",
                              "index" : 3,
                              "firstRowId" : 0,
                              "rowCount" : 0,
                              "predicateHasOrigin" : false
                            },
                            {
                              "predicate" : "typeModel",
                              "file" : "C:\\Users\\minhd\\.codeql\\packages\\codeql\\python-queries\\0.9.13\\.codeql\\libraries\\codeql\\python-all\\0.11.13\\semmle\\python\\frameworks\\data\\internal\\empty.model.yml",
                              "index" : 4,
                              "firstRowId" : 0,
                              "rowCount" : 0,
                              "predicateHasOrigin" : false
                            },
                            {
                              "predicate" : "typeVariableModel",
                              "file" : "C:\\Users\\minhd\\.codeql\\packages\\codeql\\python-queries\\0.9.13\\.codeql\\libraries\\codeql\\python-all\\0.11.13\\semmle\\python\\frameworks\\data\\internal\\empty.model.yml",
                              "index" : 5,
                              "firstRowId" : 0,
                              "rowCount" : 0,
                              "predicateHasOrigin" : false
                            },
                            {
                              "predicate" : "typeModel",
                              "file" : "C:\\Users\\minhd\\.codeql\\packages\\codeql\\python-queries\\0.9.13\\.codeql\\libraries\\codeql\\python-all\\0.11.13\\semmle\\python\\frameworks\\data\\internal\\subclass-capture\\ALL.model.yml",
                              "index" : 0,
                              "firstRowId" : 0,
                              "rowCount" : 58275,
                              "predicateHasOrigin" : false
                            }
                          ]
                        },
                        "threatModels" : { },
                        "extensionPacks" : [ ]
                      }
[2024-04-19 02:09:28] [PROGRESS] database interpret-results> Interpreting C:\Users\minhd\.codeql\packages\codeql\python-queries\0.9.13\Functions\ConsistentReturns.ql...
[2024-04-19 02:09:28] Calling plumbing command: codeql resolve library-path --query=C:\Users\minhd\.codeql\packages\codeql\python-queries\0.9.13\Functions\ConsistentReturns.ql --full-library-path=none --dbscheme=none --format=json
[2024-04-19 02:09:28] [DETAILS] resolve library-path> Resolving query at normalized path C:\Users\minhd\.codeql\packages\codeql\python-queries\0.9.13\Functions\ConsistentReturns.ql.
[2024-04-19 02:09:28] [DETAILS] resolve library-path> Found enclosing pack 'codeql/python-queries' at C:\Users\minhd\.codeql\packages\codeql\python-queries\0.9.13.
[2024-04-19 02:09:28] [DETAILS] resolve library-path> Adding compilation cache at C:\Users\minhd\.codeql\compile-cache.
[2024-04-19 02:09:28] [DETAILS] resolve library-path> Dbscheme was explicitly overridden as C:\Users\minhd\none
[2024-04-19 02:09:28] [DETAILS] resolve library-path> Library path was overridden on command line.
[2024-04-19 02:09:28] Plumbing command codeql resolve library-path completed:
                      {
                        "libraryPath" : [
                          "C:\\Users\\minhd\\none"
                        ],
                        "dbscheme" : "C:\\Users\\minhd\\none",
                        "compilationCache" : [
                          "C:\\Users\\minhd\\.codeql\\compile-cache"
                        ],
                        "relativeName" : "codeql\\python-queries\\Functions\\ConsistentReturns.ql",
                        "qlPackName" : "codeql/python-queries"
                      }
[2024-04-19 02:09:28] [DETAILS] database interpret-results>  ... found results file at C:\Users\minhd\OneDrive\Desktop\codeql demo\db\results\codeql\python-queries\Functions\ConsistentReturns.bqrs.
[2024-04-19 02:09:28] [SPAMMY] database interpret-results> Not including help for query %s in pack %s due to specified CLI options.
[2024-04-19 02:09:28] [DETAILS] database interpret-results> Interpreted problem query "Explicit returns mixed with implicit (fall through) returns" (py/mixed-returns) at path C:\Users\minhd\.codeql\packages\codeql\python-queries\0.9.13\Functions\ConsistentReturns.ql.
[2024-04-19 02:09:28] [PROGRESS] database interpret-results> Interpreting C:\Users\minhd\.codeql\packages\codeql\python-queries\0.9.13\Functions\DeprecatedSliceMethod.ql...
[2024-04-19 02:09:28] Calling plumbing command: codeql resolve library-path --query=C:\Users\minhd\.codeql\packages\codeql\python-queries\0.9.13\Functions\DeprecatedSliceMethod.ql --full-library-path=none --dbscheme=none --format=json
[2024-04-19 02:09:28] [DETAILS] resolve library-path> Resolving query at normalized path C:\Users\minhd\.codeql\packages\codeql\python-queries\0.9.13\Functions\DeprecatedSliceMethod.ql.
[2024-04-19 02:09:28] [DETAILS] resolve library-path> Found enclosing pack 'codeql/python-queries' at C:\Users\minhd\.codeql\packages\codeql\python-queries\0.9.13.
[2024-04-19 02:09:28] [DETAILS] resolve library-path> Adding compilation cache at C:\Users\minhd\.codeql\compile-cache.
[2024-04-19 02:09:28] [DETAILS] resolve library-path> Dbscheme was explicitly overridden as C:\Users\minhd\none
[2024-04-19 02:09:28] [DETAILS] resolve library-path> Library path was overridden on command line.
[2024-04-19 02:09:28] Plumbing command codeql resolve library-path completed:
                      {
                        "libraryPath" : [
                          "C:\\Users\\minhd\\none"
                        ],
                        "dbscheme" : "C:\\Users\\minhd\\none",
                        "compilationCache" : [
                          "C:\\Users\\minhd\\.codeql\\compile-cache"
                        ],
                        "relativeName" : "codeql\\python-queries\\Functions\\DeprecatedSliceMethod.ql",
                        "qlPackName" : "codeql/python-queries"
                      }
[2024-04-19 02:09:28] [DETAILS] database interpret-results>  ... found results file at C:\Users\minhd\OneDrive\Desktop\codeql demo\db\results\codeql\python-queries\Functions\DeprecatedSliceMethod.bqrs.
[2024-04-19 02:09:28] [SPAMMY] database interpret-results> Not including help for query %s in pack %s due to specified CLI options.
[2024-04-19 02:09:28] [DETAILS] database interpret-results> Interpreted problem query "Deprecated slice method" (py/deprecated-slice-method) at path C:\Users\minhd\.codeql\packages\codeql\python-queries\0.9.13\Functions\DeprecatedSliceMethod.ql.
[2024-04-19 02:09:28] [PROGRESS] database interpret-results> Interpreting C:\Users\minhd\.codeql\packages\codeql\python-queries\0.9.13\Functions\ExplicitReturnInInit.ql...
[2024-04-19 02:09:28] Calling plumbing command: codeql resolve library-path --query=C:\Users\minhd\.codeql\packages\codeql\python-queries\0.9.13\Functions\ExplicitReturnInInit.ql --full-library-path=none --dbscheme=none --format=json
[2024-04-19 02:09:28] [DETAILS] resolve library-path> Resolving query at normalized path C:\Users\minhd\.codeql\packages\codeql\python-queries\0.9.13\Functions\ExplicitReturnInInit.ql.
[2024-04-19 02:09:28] [DETAILS] resolve library-path> Found enclosing pack 'codeql/python-queries' at C:\Users\minhd\.codeql\packages\codeql\python-queries\0.9.13.
[2024-04-19 02:09:28] [DETAILS] resolve library-path> Adding compilation cache at C:\Users\minhd\.codeql\compile-cache.
[2024-04-19 02:09:28] [DETAILS] resolve library-path> Dbscheme was explicitly overridden as C:\Users\minhd\none
[2024-04-19 02:09:28] [DETAILS] resolve library-path> Library path was overridden on command line.
[2024-04-19 02:09:28] Plumbing command codeql resolve library-path completed:
                      {
                        "libraryPath" : [
                          "C:\\Users\\minhd\\none"
                        ],
                        "dbscheme" : "C:\\Users\\minhd\\none",
                        "compilationCache" : [
                          "C:\\Users\\minhd\\.codeql\\compile-cache"
                        ],
                        "relativeName" : "codeql\\python-queries\\Functions\\ExplicitReturnInInit.ql",
                        "qlPackName" : "codeql/python-queries"
                      }
[2024-04-19 02:09:28] [DETAILS] database interpret-results>  ... found results file at C:\Users\minhd\OneDrive\Desktop\codeql demo\db\results\codeql\python-queries\Functions\ExplicitReturnInInit.bqrs.
[2024-04-19 02:09:28] [SPAMMY] database interpret-results> Not including help for query %s in pack %s due to specified CLI options.
[2024-04-19 02:09:28] [DETAILS] database interpret-results> Interpreted problem query "`__init__` method returns a value" (py/explicit-return-in-init) at path C:\Users\minhd\.codeql\packages\codeql\python-queries\0.9.13\Functions\ExplicitReturnInInit.ql.
[2024-04-19 02:09:28] [PROGRESS] database interpret-results> Interpreting C:\Users\minhd\.codeql\packages\codeql\python-queries\0.9.13\Functions\IncorrectlyOverriddenMethod.ql...
[2024-04-19 02:09:28] Calling plumbing command: codeql resolve library-path --query=C:\Users\minhd\.codeql\packages\codeql\python-queries\0.9.13\Functions\IncorrectlyOverriddenMethod.ql --full-library-path=none --dbscheme=none --format=json
[2024-04-19 02:09:28] [DETAILS] resolve library-path> Resolving query at normalized path C:\Users\minhd\.codeql\packages\codeql\python-queries\0.9.13\Functions\IncorrectlyOverriddenMethod.ql.
[2024-04-19 02:09:28] [DETAILS] resolve library-path> Found enclosing pack 'codeql/python-queries' at C:\Users\minhd\.codeql\packages\codeql\python-queries\0.9.13.
[2024-04-19 02:09:28] [DETAILS] resolve library-path> Adding compilation cache at C:\Users\minhd\.codeql\compile-cache.
[2024-04-19 02:09:28] [DETAILS] resolve library-path> Dbscheme was explicitly overridden as C:\Users\minhd\none
[2024-04-19 02:09:28] [DETAILS] resolve library-path> Library path was overridden on command line.
[2024-04-19 02:09:28] Plumbing command codeql resolve library-path completed:
                      {
                        "libraryPath" : [
                          "C:\\Users\\minhd\\none"
                        ],
                        "dbscheme" : "C:\\Users\\minhd\\none",
                        "compilationCache" : [
                          "C:\\Users\\minhd\\.codeql\\compile-cache"
                        ],
                        "relativeName" : "codeql\\python-queries\\Functions\\IncorrectlyOverriddenMethod.ql",
                        "qlPackName" : "codeql/python-queries"
                      }
[2024-04-19 02:09:28] [DETAILS] database interpret-results>  ... found results file at C:\Users\minhd\OneDrive\Desktop\codeql demo\db\results\codeql\python-queries\Functions\IncorrectlyOverriddenMethod.bqrs.
[2024-04-19 02:09:28] [SPAMMY] database interpret-results> Not including help for query %s in pack %s due to specified CLI options.
[2024-04-19 02:09:28] [DETAILS] database interpret-results> Interpreted problem query "Mismatch between signature and use of an overriding method" (py/inheritance/incorrect-overriding-signature) at path C:\Users\minhd\.codeql\packages\codeql\python-queries\0.9.13\Functions\IncorrectlyOverriddenMethod.ql.
[2024-04-19 02:09:28] [PROGRESS] database interpret-results> Interpreting C:\Users\minhd\.codeql\packages\codeql\python-queries\0.9.13\Functions\IncorrectlySpecifiedOverriddenMethod.ql...
[2024-04-19 02:09:28] Calling plumbing command: codeql resolve library-path --query=C:\Users\minhd\.codeql\packages\codeql\python-queries\0.9.13\Functions\IncorrectlySpecifiedOverriddenMethod.ql --full-library-path=none --dbscheme=none --format=json
[2024-04-19 02:09:28] [DETAILS] resolve library-path> Resolving query at normalized path C:\Users\minhd\.codeql\packages\codeql\python-queries\0.9.13\Functions\IncorrectlySpecifiedOverriddenMethod.ql.
[2024-04-19 02:09:28] [DETAILS] resolve library-path> Found enclosing pack 'codeql/python-queries' at C:\Users\minhd\.codeql\packages\codeql\python-queries\0.9.13.
[2024-04-19 02:09:28] [DETAILS] resolve library-path> Adding compilation cache at C:\Users\minhd\.codeql\compile-cache.
[2024-04-19 02:09:28] [DETAILS] resolve library-path> Dbscheme was explicitly overridden as C:\Users\minhd\none
[2024-04-19 02:09:28] [DETAILS] resolve library-path> Library path was overridden on command line.
[2024-04-19 02:09:28] Plumbing command codeql resolve library-path completed:
                      {
                        "libraryPath" : [
                          "C:\\Users\\minhd\\none"
                        ],
                        "dbscheme" : "C:\\Users\\minhd\\none",
                        "compilationCache" : [
                          "C:\\Users\\minhd\\.codeql\\compile-cache"
                        ],
                        "relativeName" : "codeql\\python-queries\\Functions\\IncorrectlySpecifiedOverriddenMethod.ql",
                        "qlPackName" : "codeql/python-queries"
                      }
[2024-04-19 02:09:28] [DETAILS] database interpret-results>  ... found results file at C:\Users\minhd\OneDrive\Desktop\codeql demo\db\results\codeql\python-queries\Functions\IncorrectlySpecifiedOverriddenMethod.bqrs.
[2024-04-19 02:09:28] [SPAMMY] database interpret-results> Not including help for query %s in pack %s due to specified CLI options.
[2024-04-19 02:09:28] [DETAILS] database interpret-results> Interpreted problem query "Mismatch between signature and use of an overridden method" (py/inheritance/incorrect-overridden-signature) at path C:\Users\minhd\.codeql\packages\codeql\python-queries\0.9.13\Functions\IncorrectlySpecifiedOverriddenMethod.ql.
[2024-04-19 02:09:28] [PROGRESS] database interpret-results> Interpreting C:\Users\minhd\.codeql\packages\codeql\python-queries\0.9.13\Functions\IncorrectRaiseInSpecialMethod.ql...
[2024-04-19 02:09:28] Calling plumbing command: codeql resolve library-path --query=C:\Users\minhd\.codeql\packages\codeql\python-queries\0.9.13\Functions\IncorrectRaiseInSpecialMethod.ql --full-library-path=none --dbscheme=none --format=json
[2024-04-19 02:09:28] [DETAILS] resolve library-path> Resolving query at normalized path C:\Users\minhd\.codeql\packages\codeql\python-queries\0.9.13\Functions\IncorrectRaiseInSpecialMethod.ql.
[2024-04-19 02:09:28] [DETAILS] resolve library-path> Found enclosing pack 'codeql/python-queries' at C:\Users\minhd\.codeql\packages\codeql\python-queries\0.9.13.
[2024-04-19 02:09:28] [DETAILS] resolve library-path> Adding compilation cache at C:\Users\minhd\.codeql\compile-cache.
[2024-04-19 02:09:28] [DETAILS] resolve library-path> Dbscheme was explicitly overridden as C:\Users\minhd\none
[2024-04-19 02:09:28] [DETAILS] resolve library-path> Library path was overridden on command line.
[2024-04-19 02:09:28] Plumbing command codeql resolve library-path completed:
                      {
                        "libraryPath" : [
                          "C:\\Users\\minhd\\none"
                        ],
                        "dbscheme" : "C:\\Users\\minhd\\none",
                        "compilationCache" : [
                          "C:\\Users\\minhd\\.codeql\\compile-cache"
                        ],
                        "relativeName" : "codeql\\python-queries\\Functions\\IncorrectRaiseInSpecialMethod.ql",
                        "qlPackName" : "codeql/python-queries"
                      }
[2024-04-19 02:09:28] [DETAILS] database interpret-results>  ... found results file at C:\Users\minhd\OneDrive\Desktop\codeql demo\db\results\codeql\python-queries\Functions\IncorrectRaiseInSpecialMethod.bqrs.
[2024-04-19 02:09:28] [SPAMMY] database interpret-results> Not including help for query %s in pack %s due to specified CLI options.
[2024-04-19 02:09:28] [DETAILS] database interpret-results> Interpreted problem query "Non-standard exception raised in special method" (py/unexpected-raise-in-special-method) at path C:\Users\minhd\.codeql\packages\codeql\python-queries\0.9.13\Functions\IncorrectRaiseInSpecialMethod.ql.
[2024-04-19 02:09:28] [PROGRESS] database interpret-results> Interpreting C:\Users\minhd\.codeql\packages\codeql\python-queries\0.9.13\Functions\InitIsGenerator.ql...
[2024-04-19 02:09:28] Calling plumbing command: codeql resolve library-path --query=C:\Users\minhd\.codeql\packages\codeql\python-queries\0.9.13\Functions\InitIsGenerator.ql --full-library-path=none --dbscheme=none --format=json
[2024-04-19 02:09:28] [DETAILS] resolve library-path> Resolving query at normalized path C:\Users\minhd\.codeql\packages\codeql\python-queries\0.9.13\Functions\InitIsGenerator.ql.
[2024-04-19 02:09:28] [DETAILS] resolve library-path> Found enclosing pack 'codeql/python-queries' at C:\Users\minhd\.codeql\packages\codeql\python-queries\0.9.13.
[2024-04-19 02:09:28] [DETAILS] resolve library-path> Adding compilation cache at C:\Users\minhd\.codeql\compile-cache.
[2024-04-19 02:09:28] [DETAILS] resolve library-path> Dbscheme was explicitly overridden as C:\Users\minhd\none
[2024-04-19 02:09:28] [DETAILS] resolve library-path> Library path was overridden on command line.
[2024-04-19 02:09:28] Plumbing command codeql resolve library-path completed:
                      {
                        "libraryPath" : [
                          "C:\\Users\\minhd\\none"
                        ],
                        "dbscheme" : "C:\\Users\\minhd\\none",
                        "compilationCache" : [
                          "C:\\Users\\minhd\\.codeql\\compile-cache"
                        ],
                        "relativeName" : "codeql\\python-queries\\Functions\\InitIsGenerator.ql",
                        "qlPackName" : "codeql/python-queries"
                      }
[2024-04-19 02:09:28] [DETAILS] database interpret-results>  ... found results file at C:\Users\minhd\OneDrive\Desktop\codeql demo\db\results\codeql\python-queries\Functions\InitIsGenerator.bqrs.
[2024-04-19 02:09:28] [SPAMMY] database interpret-results> Not including help for query %s in pack %s due to specified CLI options.
[2024-04-19 02:09:28] [DETAILS] database interpret-results> Interpreted problem query "`__init__` method is a generator" (py/init-method-is-generator) at path C:\Users\minhd\.codeql\packages\codeql\python-queries\0.9.13\Functions\InitIsGenerator.ql.
[2024-04-19 02:09:28] [PROGRESS] database interpret-results> Interpreting C:\Users\minhd\.codeql\packages\codeql\python-queries\0.9.13\Functions\IterReturnsNonIterator.ql...
[2024-04-19 02:09:28] Calling plumbing command: codeql resolve library-path --query=C:\Users\minhd\.codeql\packages\codeql\python-queries\0.9.13\Functions\IterReturnsNonIterator.ql --full-library-path=none --dbscheme=none --format=json
[2024-04-19 02:09:28] [DETAILS] resolve library-path> Resolving query at normalized path C:\Users\minhd\.codeql\packages\codeql\python-queries\0.9.13\Functions\IterReturnsNonIterator.ql.
[2024-04-19 02:09:28] [DETAILS] resolve library-path> Found enclosing pack 'codeql/python-queries' at C:\Users\minhd\.codeql\packages\codeql\python-queries\0.9.13.
[2024-04-19 02:09:28] [DETAILS] resolve library-path> Adding compilation cache at C:\Users\minhd\.codeql\compile-cache.
[2024-04-19 02:09:28] [DETAILS] resolve library-path> Dbscheme was explicitly overridden as C:\Users\minhd\none
[2024-04-19 02:09:28] [DETAILS] resolve library-path> Library path was overridden on command line.
[2024-04-19 02:09:28] Plumbing command codeql resolve library-path completed:
                      {
                        "libraryPath" : [
                          "C:\\Users\\minhd\\none"
                        ],
                        "dbscheme" : "C:\\Users\\minhd\\none",
                        "compilationCache" : [
                          "C:\\Users\\minhd\\.codeql\\compile-cache"
                        ],
                        "relativeName" : "codeql\\python-queries\\Functions\\IterReturnsNonIterator.ql",
                        "qlPackName" : "codeql/python-queries"
                      }
[2024-04-19 02:09:28] [DETAILS] database interpret-results>  ... found results file at C:\Users\minhd\OneDrive\Desktop\codeql demo\db\results\codeql\python-queries\Functions\IterReturnsNonIterator.bqrs.
[2024-04-19 02:09:28] [SPAMMY] database interpret-results> Not including help for query %s in pack %s due to specified CLI options.
[2024-04-19 02:09:28] [DETAILS] database interpret-results> Interpreted problem query "`__iter__` method returns a non-iterator" (py/iter-returns-non-iterator) at path C:\Users\minhd\.codeql\packages\codeql\python-queries\0.9.13\Functions\IterReturnsNonIterator.ql.
[2024-04-19 02:09:28] [PROGRESS] database interpret-results> Interpreting C:\Users\minhd\.codeql\packages\codeql\python-queries\0.9.13\Functions\IterReturnsNonSelf.ql...
[2024-04-19 02:09:28] Calling plumbing command: codeql resolve library-path --query=C:\Users\minhd\.codeql\packages\codeql\python-queries\0.9.13\Functions\IterReturnsNonSelf.ql --full-library-path=none --dbscheme=none --format=json
[2024-04-19 02:09:28] [DETAILS] resolve library-path> Resolving query at normalized path C:\Users\minhd\.codeql\packages\codeql\python-queries\0.9.13\Functions\IterReturnsNonSelf.ql.
[2024-04-19 02:09:28] [DETAILS] resolve library-path> Found enclosing pack 'codeql/python-queries' at C:\Users\minhd\.codeql\packages\codeql\python-queries\0.9.13.
[2024-04-19 02:09:28] [DETAILS] resolve library-path> Adding compilation cache at C:\Users\minhd\.codeql\compile-cache.
[2024-04-19 02:09:28] [DETAILS] resolve library-path> Dbscheme was explicitly overridden as C:\Users\minhd\none
[2024-04-19 02:09:28] [DETAILS] resolve library-path> Library path was overridden on command line.
[2024-04-19 02:09:28] Plumbing command codeql resolve library-path completed:
                      {
                        "libraryPath" : [
                          "C:\\Users\\minhd\\none"
                        ],
                        "dbscheme" : "C:\\Users\\minhd\\none",
                        "compilationCache" : [
                          "C:\\Users\\minhd\\.codeql\\compile-cache"
                        ],
                        "relativeName" : "codeql\\python-queries\\Functions\\IterReturnsNonSelf.ql",
                        "qlPackName" : "codeql/python-queries"
                      }
[2024-04-19 02:09:28] [DETAILS] database interpret-results>  ... found results file at C:\Users\minhd\OneDrive\Desktop\codeql demo\db\results\codeql\python-queries\Functions\IterReturnsNonSelf.bqrs.
[2024-04-19 02:09:28] [SPAMMY] database interpret-results> Not including help for query %s in pack %s due to specified CLI options.
[2024-04-19 02:09:28] [DETAILS] database interpret-results> Interpreted problem query "Iterator does not return self from `__iter__` method" (py/iter-returns-non-self) at path C:\Users\minhd\.codeql\packages\codeql\python-queries\0.9.13\Functions\IterReturnsNonSelf.ql.
[2024-04-19 02:09:28] [PROGRESS] database interpret-results> Interpreting C:\Users\minhd\.codeql\packages\codeql\python-queries\0.9.13\Functions\ModificationOfParameterWithDefault.ql...
[2024-04-19 02:09:28] Calling plumbing command: codeql resolve library-path --query=C:\Users\minhd\.codeql\packages\codeql\python-queries\0.9.13\Functions\ModificationOfParameterWithDefault.ql --full-library-path=none --dbscheme=none --format=json
[2024-04-19 02:09:28] [DETAILS] resolve library-path> Resolving query at normalized path C:\Users\minhd\.codeql\packages\codeql\python-queries\0.9.13\Functions\ModificationOfParameterWithDefault.ql.
[2024-04-19 02:09:28] [DETAILS] resolve library-path> Found enclosing pack 'codeql/python-queries' at C:\Users\minhd\.codeql\packages\codeql\python-queries\0.9.13.
[2024-04-19 02:09:28] [DETAILS] resolve library-path> Adding compilation cache at C:\Users\minhd\.codeql\compile-cache.
[2024-04-19 02:09:28] [DETAILS] resolve library-path> Dbscheme was explicitly overridden as C:\Users\minhd\none
[2024-04-19 02:09:28] [DETAILS] resolve library-path> Library path was overridden on command line.
[2024-04-19 02:09:28] Plumbing command codeql resolve library-path completed:
                      {
                        "libraryPath" : [
                          "C:\\Users\\minhd\\none"
                        ],
                        "dbscheme" : "C:\\Users\\minhd\\none",
                        "compilationCache" : [
                          "C:\\Users\\minhd\\.codeql\\compile-cache"
                        ],
                        "relativeName" : "codeql\\python-queries\\Functions\\ModificationOfParameterWithDefault.ql",
                        "qlPackName" : "codeql/python-queries"
                      }
[2024-04-19 02:09:28] [DETAILS] database interpret-results>  ... found results file at C:\Users\minhd\OneDrive\Desktop\codeql demo\db\results\codeql\python-queries\Functions\ModificationOfParameterWithDefault.bqrs.
[2024-04-19 02:09:28] [SPAMMY] database interpret-results> Not including help for query %s in pack %s due to specified CLI options.
[2024-04-19 02:09:28] [DETAILS] database interpret-results> Interpreted pathproblem query "Modification of parameter with default" (py/modification-of-default-value) at path C:\Users\minhd\.codeql\packages\codeql\python-queries\0.9.13\Functions\ModificationOfParameterWithDefault.ql.
[2024-04-19 02:09:28] [PROGRESS] database interpret-results> Interpreting C:\Users\minhd\.codeql\packages\codeql\python-queries\0.9.13\Functions\NonCls.ql...
[2024-04-19 02:09:28] Calling plumbing command: codeql resolve library-path --query=C:\Users\minhd\.codeql\packages\codeql\python-queries\0.9.13\Functions\NonCls.ql --full-library-path=none --dbscheme=none --format=json
[2024-04-19 02:09:28] [DETAILS] resolve library-path> Resolving query at normalized path C:\Users\minhd\.codeql\packages\codeql\python-queries\0.9.13\Functions\NonCls.ql.
[2024-04-19 02:09:28] [DETAILS] resolve library-path> Found enclosing pack 'codeql/python-queries' at C:\Users\minhd\.codeql\packages\codeql\python-queries\0.9.13.
[2024-04-19 02:09:28] [DETAILS] resolve library-path> Adding compilation cache at C:\Users\minhd\.codeql\compile-cache.
[2024-04-19 02:09:28] [DETAILS] resolve library-path> Dbscheme was explicitly overridden as C:\Users\minhd\none
[2024-04-19 02:09:28] [DETAILS] resolve library-path> Library path was overridden on command line.
[2024-04-19 02:09:28] Plumbing command codeql resolve library-path completed:
                      {
                        "libraryPath" : [
                          "C:\\Users\\minhd\\none"
                        ],
                        "dbscheme" : "C:\\Users\\minhd\\none",
                        "compilationCache" : [
                          "C:\\Users\\minhd\\.codeql\\compile-cache"
                        ],
                        "relativeName" : "codeql\\python-queries\\Functions\\NonCls.ql",
                        "qlPackName" : "codeql/python-queries"
                      }
[2024-04-19 02:09:28] [DETAILS] database interpret-results>  ... found results file at C:\Users\minhd\OneDrive\Desktop\codeql demo\db\results\codeql\python-queries\Functions\NonCls.bqrs.
[2024-04-19 02:09:28] [SPAMMY] database interpret-results> Not including help for query %s in pack %s due to specified CLI options.
[2024-04-19 02:09:28] [DETAILS] database interpret-results> Interpreted problem query "First parameter of a class method is not named 'cls'" (py/not-named-cls) at path C:\Users\minhd\.codeql\packages\codeql\python-queries\0.9.13\Functions\NonCls.ql.
[2024-04-19 02:09:28] [PROGRESS] database interpret-results> Interpreting C:\Users\minhd\.codeql\packages\codeql\python-queries\0.9.13\Functions\NonSelf.ql...
[2024-04-19 02:09:28] Calling plumbing command: codeql resolve library-path --query=C:\Users\minhd\.codeql\packages\codeql\python-queries\0.9.13\Functions\NonSelf.ql --full-library-path=none --dbscheme=none --format=json
[2024-04-19 02:09:28] [DETAILS] resolve library-path> Resolving query at normalized path C:\Users\minhd\.codeql\packages\codeql\python-queries\0.9.13\Functions\NonSelf.ql.
[2024-04-19 02:09:28] [DETAILS] resolve library-path> Found enclosing pack 'codeql/python-queries' at C:\Users\minhd\.codeql\packages\codeql\python-queries\0.9.13.
[2024-04-19 02:09:28] [DETAILS] resolve library-path> Adding compilation cache at C:\Users\minhd\.codeql\compile-cache.
[2024-04-19 02:09:28] [DETAILS] resolve library-path> Dbscheme was explicitly overridden as C:\Users\minhd\none
[2024-04-19 02:09:28] [DETAILS] resolve library-path> Library path was overridden on command line.
[2024-04-19 02:09:28] Plumbing command codeql resolve library-path completed:
                      {
                        "libraryPath" : [
                          "C:\\Users\\minhd\\none"
                        ],
                        "dbscheme" : "C:\\Users\\minhd\\none",
                        "compilationCache" : [
                          "C:\\Users\\minhd\\.codeql\\compile-cache"
                        ],
                        "relativeName" : "codeql\\python-queries\\Functions\\NonSelf.ql",
                        "qlPackName" : "codeql/python-queries"
                      }
[2024-04-19 02:09:28] [DETAILS] database interpret-results>  ... found results file at C:\Users\minhd\OneDrive\Desktop\codeql demo\db\results\codeql\python-queries\Functions\NonSelf.bqrs.
[2024-04-19 02:09:28] [SPAMMY] database interpret-results> Not including help for query %s in pack %s due to specified CLI options.
[2024-04-19 02:09:28] [DETAILS] database interpret-results> Interpreted problem query "First parameter of a method is not named 'self'" (py/not-named-self) at path C:\Users\minhd\.codeql\packages\codeql\python-queries\0.9.13\Functions\NonSelf.ql.
[2024-04-19 02:09:28] [PROGRESS] database interpret-results> Interpreting C:\Users\minhd\.codeql\packages\codeql\python-queries\0.9.13\Functions\OverlyComplexDelMethod.ql...
[2024-04-19 02:09:28] Calling plumbing command: codeql resolve library-path --query=C:\Users\minhd\.codeql\packages\codeql\python-queries\0.9.13\Functions\OverlyComplexDelMethod.ql --full-library-path=none --dbscheme=none --format=json
[2024-04-19 02:09:28] [DETAILS] resolve library-path> Resolving query at normalized path C:\Users\minhd\.codeql\packages\codeql\python-queries\0.9.13\Functions\OverlyComplexDelMethod.ql.
[2024-04-19 02:09:28] [DETAILS] resolve library-path> Found enclosing pack 'codeql/python-queries' at C:\Users\minhd\.codeql\packages\codeql\python-queries\0.9.13.
[2024-04-19 02:09:28] [DETAILS] resolve library-path> Adding compilation cache at C:\Users\minhd\.codeql\compile-cache.
[2024-04-19 02:09:28] [DETAILS] resolve library-path> Dbscheme was explicitly overridden as C:\Users\minhd\none
[2024-04-19 02:09:28] [DETAILS] resolve library-path> Library path was overridden on command line.
[2024-04-19 02:09:28] Plumbing command codeql resolve library-path completed:
                      {
                        "libraryPath" : [
                          "C:\\Users\\minhd\\none"
                        ],
                        "dbscheme" : "C:\\Users\\minhd\\none",
                        "compilationCache" : [
                          "C:\\Users\\minhd\\.codeql\\compile-cache"
                        ],
                        "relativeName" : "codeql\\python-queries\\Functions\\OverlyComplexDelMethod.ql",
                        "qlPackName" : "codeql/python-queries"
                      }
[2024-04-19 02:09:28] [DETAILS] database interpret-results>  ... found results file at C:\Users\minhd\OneDrive\Desktop\codeql demo\db\results\codeql\python-queries\Functions\OverlyComplexDelMethod.bqrs.
[2024-04-19 02:09:28] [SPAMMY] database interpret-results> Not including help for query %s in pack %s due to specified CLI options.
[2024-04-19 02:09:28] [DETAILS] database interpret-results> Interpreted problem query "Overly complex `__del__` method" (py/overly-complex-delete) at path C:\Users\minhd\.codeql\packages\codeql\python-queries\0.9.13\Functions\OverlyComplexDelMethod.ql.
[2024-04-19 02:09:28] [PROGRESS] database interpret-results> Interpreting C:\Users\minhd\.codeql\packages\codeql\python-queries\0.9.13\Functions\ReturnConsistentTupleSizes.ql...
[2024-04-19 02:09:28] Calling plumbing command: codeql resolve library-path --query=C:\Users\minhd\.codeql\packages\codeql\python-queries\0.9.13\Functions\ReturnConsistentTupleSizes.ql --full-library-path=none --dbscheme=none --format=json
[2024-04-19 02:09:28] [DETAILS] resolve library-path> Resolving query at normalized path C:\Users\minhd\.codeql\packages\codeql\python-queries\0.9.13\Functions\ReturnConsistentTupleSizes.ql.
[2024-04-19 02:09:28] [DETAILS] resolve library-path> Found enclosing pack 'codeql/python-queries' at C:\Users\minhd\.codeql\packages\codeql\python-queries\0.9.13.
[2024-04-19 02:09:28] [DETAILS] resolve library-path> Adding compilation cache at C:\Users\minhd\.codeql\compile-cache.
[2024-04-19 02:09:28] [DETAILS] resolve library-path> Dbscheme was explicitly overridden as C:\Users\minhd\none
[2024-04-19 02:09:28] [DETAILS] resolve library-path> Library path was overridden on command line.
[2024-04-19 02:09:28] Plumbing command codeql resolve library-path completed:
                      {
                        "libraryPath" : [
                          "C:\\Users\\minhd\\none"
                        ],
                        "dbscheme" : "C:\\Users\\minhd\\none",
                        "compilationCache" : [
                          "C:\\Users\\minhd\\.codeql\\compile-cache"
                        ],
                        "relativeName" : "codeql\\python-queries\\Functions\\ReturnConsistentTupleSizes.ql",
                        "qlPackName" : "codeql/python-queries"
                      }
[2024-04-19 02:09:28] [DETAILS] database interpret-results>  ... found results file at C:\Users\minhd\OneDrive\Desktop\codeql demo\db\results\codeql\python-queries\Functions\ReturnConsistentTupleSizes.bqrs.
[2024-04-19 02:09:28] [SPAMMY] database interpret-results> Not including help for query %s in pack %s due to specified CLI options.
[2024-04-19 02:09:28] [DETAILS] database interpret-results> Interpreted problem query "Returning tuples with varying lengths" (py/mixed-tuple-returns) at path C:\Users\minhd\.codeql\packages\codeql\python-queries\0.9.13\Functions\ReturnConsistentTupleSizes.ql.
[2024-04-19 02:09:28] [PROGRESS] database interpret-results> Interpreting C:\Users\minhd\.codeql\packages\codeql\python-queries\0.9.13\Functions\ReturnValueIgnored.ql...
[2024-04-19 02:09:28] Calling plumbing command: codeql resolve library-path --query=C:\Users\minhd\.codeql\packages\codeql\python-queries\0.9.13\Functions\ReturnValueIgnored.ql --full-library-path=none --dbscheme=none --format=json
[2024-04-19 02:09:28] [DETAILS] resolve library-path> Resolving query at normalized path C:\Users\minhd\.codeql\packages\codeql\python-queries\0.9.13\Functions\ReturnValueIgnored.ql.
[2024-04-19 02:09:28] [DETAILS] resolve library-path> Found enclosing pack 'codeql/python-queries' at C:\Users\minhd\.codeql\packages\codeql\python-queries\0.9.13.
[2024-04-19 02:09:28] [DETAILS] resolve library-path> Adding compilation cache at C:\Users\minhd\.codeql\compile-cache.
[2024-04-19 02:09:28] [DETAILS] resolve library-path> Dbscheme was explicitly overridden as C:\Users\minhd\none
[2024-04-19 02:09:28] [DETAILS] resolve library-path> Library path was overridden on command line.
[2024-04-19 02:09:28] Plumbing command codeql resolve library-path completed:
                      {
                        "libraryPath" : [
                          "C:\\Users\\minhd\\none"
                        ],
                        "dbscheme" : "C:\\Users\\minhd\\none",
                        "compilationCache" : [
                          "C:\\Users\\minhd\\.codeql\\compile-cache"
                        ],
                        "relativeName" : "codeql\\python-queries\\Functions\\ReturnValueIgnored.ql",
                        "qlPackName" : "codeql/python-queries"
                      }
[2024-04-19 02:09:28] [DETAILS] database interpret-results>  ... found results file at C:\Users\minhd\OneDrive\Desktop\codeql demo\db\results\codeql\python-queries\Functions\ReturnValueIgnored.bqrs.
[2024-04-19 02:09:28] [SPAMMY] database interpret-results> Not including help for query %s in pack %s due to specified CLI options.
[2024-04-19 02:09:28] [DETAILS] database interpret-results> Interpreted problem query "Ignored return value" (py/ignored-return-value) at path C:\Users\minhd\.codeql\packages\codeql\python-queries\0.9.13\Functions\ReturnValueIgnored.ql.
[2024-04-19 02:09:28] [PROGRESS] database interpret-results> Interpreting C:\Users\minhd\.codeql\packages\codeql\python-queries\0.9.13\Functions\SignatureOverriddenMethod.ql...
[2024-04-19 02:09:28] Calling plumbing command: codeql resolve library-path --query=C:\Users\minhd\.codeql\packages\codeql\python-queries\0.9.13\Functions\SignatureOverriddenMethod.ql --full-library-path=none --dbscheme=none --format=json
[2024-04-19 02:09:28] [DETAILS] resolve library-path> Resolving query at normalized path C:\Users\minhd\.codeql\packages\codeql\python-queries\0.9.13\Functions\SignatureOverriddenMethod.ql.
[2024-04-19 02:09:28] [DETAILS] resolve library-path> Found enclosing pack 'codeql/python-queries' at C:\Users\minhd\.codeql\packages\codeql\python-queries\0.9.13.
[2024-04-19 02:09:28] [DETAILS] resolve library-path> Adding compilation cache at C:\Users\minhd\.codeql\compile-cache.
[2024-04-19 02:09:28] [DETAILS] resolve library-path> Dbscheme was explicitly overridden as C:\Users\minhd\none
[2024-04-19 02:09:28] [DETAILS] resolve library-path> Library path was overridden on command line.
[2024-04-19 02:09:28] Plumbing command codeql resolve library-path completed:
                      {
                        "libraryPath" : [
                          "C:\\Users\\minhd\\none"
                        ],
                        "dbscheme" : "C:\\Users\\minhd\\none",
                        "compilationCache" : [
                          "C:\\Users\\minhd\\.codeql\\compile-cache"
                        ],
                        "relativeName" : "codeql\\python-queries\\Functions\\SignatureOverriddenMethod.ql",
                        "qlPackName" : "codeql/python-queries"
                      }
[2024-04-19 02:09:28] [DETAILS] database interpret-results>  ... found results file at C:\Users\minhd\OneDrive\Desktop\codeql demo\db\results\codeql\python-queries\Functions\SignatureOverriddenMethod.bqrs.
[2024-04-19 02:09:28] [SPAMMY] database interpret-results> Not including help for query %s in pack %s due to specified CLI options.
[2024-04-19 02:09:28] [DETAILS] database interpret-results> Interpreted problem query "Signature mismatch in overriding method" (py/inheritance/signature-mismatch) at path C:\Users\minhd\.codeql\packages\codeql\python-queries\0.9.13\Functions\SignatureOverriddenMethod.ql.
[2024-04-19 02:09:28] [PROGRESS] database interpret-results> Interpreting C:\Users\minhd\.codeql\packages\codeql\python-queries\0.9.13\Functions\SignatureSpecialMethods.ql...
[2024-04-19 02:09:28] Calling plumbing command: codeql resolve library-path --query=C:\Users\minhd\.codeql\packages\codeql\python-queries\0.9.13\Functions\SignatureSpecialMethods.ql --full-library-path=none --dbscheme=none --format=json
[2024-04-19 02:09:28] [DETAILS] resolve library-path> Resolving query at normalized path C:\Users\minhd\.codeql\packages\codeql\python-queries\0.9.13\Functions\SignatureSpecialMethods.ql.
[2024-04-19 02:09:28] [DETAILS] resolve library-path> Found enclosing pack 'codeql/python-queries' at C:\Users\minhd\.codeql\packages\codeql\python-queries\0.9.13.
[2024-04-19 02:09:28] [DETAILS] resolve library-path> Adding compilation cache at C:\Users\minhd\.codeql\compile-cache.
[2024-04-19 02:09:28] [DETAILS] resolve library-path> Dbscheme was explicitly overridden as C:\Users\minhd\none
[2024-04-19 02:09:28] [DETAILS] resolve library-path> Library path was overridden on command line.
[2024-04-19 02:09:28] Plumbing command codeql resolve library-path completed:
                      {
                        "libraryPath" : [
                          "C:\\Users\\minhd\\none"
                        ],
                        "dbscheme" : "C:\\Users\\minhd\\none",
                        "compilationCache" : [
                          "C:\\Users\\minhd\\.codeql\\compile-cache"
                        ],
                        "relativeName" : "codeql\\python-queries\\Functions\\SignatureSpecialMethods.ql",
                        "qlPackName" : "codeql/python-queries"
                      }
[2024-04-19 02:09:28] [DETAILS] database interpret-results>  ... found results file at C:\Users\minhd\OneDrive\Desktop\codeql demo\db\results\codeql\python-queries\Functions\SignatureSpecialMethods.bqrs.
[2024-04-19 02:09:28] [SPAMMY] database interpret-results> Not including help for query %s in pack %s due to specified CLI options.
[2024-04-19 02:09:28] [DETAILS] database interpret-results> Interpreted problem query "Special method has incorrect signature" (py/special-method-wrong-signature) at path C:\Users\minhd\.codeql\packages\codeql\python-queries\0.9.13\Functions\SignatureSpecialMethods.ql.
[2024-04-19 02:09:28] [PROGRESS] database interpret-results> Interpreting C:\Users\minhd\.codeql\packages\codeql\python-queries\0.9.13\Functions\UseImplicitNoneReturnValue.ql...
[2024-04-19 02:09:28] Calling plumbing command: codeql resolve library-path --query=C:\Users\minhd\.codeql\packages\codeql\python-queries\0.9.13\Functions\UseImplicitNoneReturnValue.ql --full-library-path=none --dbscheme=none --format=json
[2024-04-19 02:09:28] [DETAILS] resolve library-path> Resolving query at normalized path C:\Users\minhd\.codeql\packages\codeql\python-queries\0.9.13\Functions\UseImplicitNoneReturnValue.ql.
[2024-04-19 02:09:28] [DETAILS] resolve library-path> Found enclosing pack 'codeql/python-queries' at C:\Users\minhd\.codeql\packages\codeql\python-queries\0.9.13.
[2024-04-19 02:09:28] [DETAILS] resolve library-path> Adding compilation cache at C:\Users\minhd\.codeql\compile-cache.
[2024-04-19 02:09:28] [DETAILS] resolve library-path> Dbscheme was explicitly overridden as C:\Users\minhd\none
[2024-04-19 02:09:28] [DETAILS] resolve library-path> Library path was overridden on command line.
[2024-04-19 02:09:28] Plumbing command codeql resolve library-path completed:
                      {
                        "libraryPath" : [
                          "C:\\Users\\minhd\\none"
                        ],
                        "dbscheme" : "C:\\Users\\minhd\\none",
                        "compilationCache" : [
                          "C:\\Users\\minhd\\.codeql\\compile-cache"
                        ],
                        "relativeName" : "codeql\\python-queries\\Functions\\UseImplicitNoneReturnValue.ql",
                        "qlPackName" : "codeql/python-queries"
                      }
[2024-04-19 02:09:28] [DETAILS] database interpret-results>  ... found results file at C:\Users\minhd\OneDrive\Desktop\codeql demo\db\results\codeql\python-queries\Functions\UseImplicitNoneReturnValue.bqrs.
[2024-04-19 02:09:28] [SPAMMY] database interpret-results> Not including help for query %s in pack %s due to specified CLI options.
[2024-04-19 02:09:28] [DETAILS] database interpret-results> Interpreted problem query "Use of the return value of a procedure" (py/procedure-return-value-used) at path C:\Users\minhd\.codeql\packages\codeql\python-queries\0.9.13\Functions\UseImplicitNoneReturnValue.ql.
[2024-04-19 02:09:29] [DETAILS] database interpret-results> Interpreting file coverage baseline information
[2024-04-19 02:09:29] [DETAILS] database interpret-results> Finished interpreting file coverage baseline information.
[2024-04-19 02:09:29] [DETAILS] database interpret-results> Interpreting diagnostic messages...
[2024-04-19 02:09:29] [SPAMMY] database interpret-results> Looking for diagnostics in C:\Users\minhd\OneDrive\Desktop\codeql demo\db\diagnostic...
[2024-04-19 02:09:29] [SPAMMIER] database interpret-results> Found diagnostics file C:\Users\minhd\OneDrive\Desktop\codeql demo\db\diagnostic\cli-diagnostics-add-20240418T185130.683Z.json.
[2024-04-19 02:09:29] [SPAMMIER] database interpret-results> Found diagnostics file C:\Users\minhd\OneDrive\Desktop\codeql demo\db\diagnostic\cli-diagnostics-add-20240418T185132.119Z.json.
[2024-04-19 02:09:29] [SPAMMIER] database interpret-results> Found diagnostics file C:\Users\minhd\OneDrive\Desktop\codeql demo\db\diagnostic\cli-diagnostics-add-20240418T185840.864Z.json.
[2024-04-19 02:09:29] [SPAMMIER] database interpret-results> Found diagnostics file C:\Users\minhd\OneDrive\Desktop\codeql demo\db\diagnostic\cli-diagnostics-add-20240418T190301.062Z.json.
[2024-04-19 02:09:29] [SPAMMIER] database interpret-results> Found diagnostics file C:\Users\minhd\OneDrive\Desktop\codeql demo\db\diagnostic\cli-diagnostics-add-20240418T190507.985Z.json.
[2024-04-19 02:09:29] [SPAMMIER] database interpret-results> Found diagnostics file C:\Users\minhd\OneDrive\Desktop\codeql demo\db\diagnostic\cli-diagnostics-add-20240418T190758.538Z.json.
[2024-04-19 02:09:29] [SPAMMY] database interpret-results> Looking for diagnostics in C:\Users\minhd\OneDrive\Desktop\codeql demo\db\diagnostic\extractors...
[2024-04-19 02:09:29] [SPAMMY] database interpret-results> Looking for diagnostics in C:\Users\minhd\OneDrive\Desktop\codeql demo\db\diagnostic\extractors\python...
[2024-04-19 02:09:29] [SPAMMY] database interpret-results> Looking for diagnostics in C:\Users\minhd\OneDrive\Desktop\codeql demo\db\diagnostic\extractors\yaml...
[2024-04-19 02:09:29] [SPAMMY] database interpret-results> Looking for diagnostics in C:\Users\minhd\OneDrive\Desktop\codeql demo\db\diagnostic\tracer...
[2024-04-19 02:09:29] [DETAILS] database interpret-results> Found 4 raw diagnostic messages.
[2024-04-19 02:09:29] [DETAILS] database interpret-results> Processed diagnostic messages (removed 0 due to limits, created 0 summary diagnostics for status page).
[2024-04-19 02:09:29] [DETAILS] database interpret-results> Interpreted diagnostic messages (57ms).
[2024-04-19 02:09:29] Calling plumbing command: codeql resolve languages --format=json
[2024-04-19 02:09:29] [DETAILS] resolve languages> Scanning for [codeql-extractor.yml] from C:\Users\minhd\OneDrive\Desktop\NCKHKT\codeql-win64\codeql\.codeqlmanifest.json
[2024-04-19 02:09:29] [DETAILS] resolve languages> Parsing C:\Users\minhd\OneDrive\Desktop\NCKHKT\codeql-win64\codeql\cpp\codeql-extractor.yml.
[2024-04-19 02:09:29] [DETAILS] resolve languages> Parsing C:\Users\minhd\OneDrive\Desktop\NCKHKT\codeql-win64\codeql\csharp\codeql-extractor.yml.
[2024-04-19 02:09:29] [DETAILS] resolve languages> Parsing C:\Users\minhd\OneDrive\Desktop\NCKHKT\codeql-win64\codeql\csv\codeql-extractor.yml.
[2024-04-19 02:09:29] [DETAILS] resolve languages> Parsing C:\Users\minhd\OneDrive\Desktop\NCKHKT\codeql-win64\codeql\go\codeql-extractor.yml.
[2024-04-19 02:09:29] [DETAILS] resolve languages> Parsing C:\Users\minhd\OneDrive\Desktop\NCKHKT\codeql-win64\codeql\html\codeql-extractor.yml.
[2024-04-19 02:09:29] [DETAILS] resolve languages> Parsing C:\Users\minhd\OneDrive\Desktop\NCKHKT\codeql-win64\codeql\java\codeql-extractor.yml.
[2024-04-19 02:09:29] [DETAILS] resolve languages> Parsing C:\Users\minhd\OneDrive\Desktop\NCKHKT\codeql-win64\codeql\javascript\codeql-extractor.yml.
[2024-04-19 02:09:29] [DETAILS] resolve languages> Parsing C:\Users\minhd\OneDrive\Desktop\NCKHKT\codeql-win64\codeql\properties\codeql-extractor.yml.
[2024-04-19 02:09:29] [DETAILS] resolve languages> Parsing C:\Users\minhd\OneDrive\Desktop\NCKHKT\codeql-win64\codeql\python\codeql-extractor.yml.
[2024-04-19 02:09:29] [DETAILS] resolve languages> Parsing C:\Users\minhd\OneDrive\Desktop\NCKHKT\codeql-win64\codeql\ruby\codeql-extractor.yml.
[2024-04-19 02:09:29] [DETAILS] resolve languages> Parsing C:\Users\minhd\OneDrive\Desktop\NCKHKT\codeql-win64\codeql\swift\codeql-extractor.yml.
[2024-04-19 02:09:29] [DETAILS] resolve languages> Parsing C:\Users\minhd\OneDrive\Desktop\NCKHKT\codeql-win64\codeql\xml\codeql-extractor.yml.
[2024-04-19 02:09:29] [DETAILS] resolve languages> Parsing C:\Users\minhd\OneDrive\Desktop\NCKHKT\codeql-win64\codeql\yaml\codeql-extractor.yml.
[2024-04-19 02:09:29] Plumbing command codeql resolve languages completed:
                      {
                        "aliases" : {
                          "c" : "cpp",
                          "c++" : "cpp",
                          "c-c++" : "cpp",
                          "c-cpp" : "cpp",
                          "c#" : "csharp",
                          "java-kotlin" : "java",
                          "kotlin" : "java",
                          "javascript-typescript" : "javascript",
                          "typescript" : "javascript"
                        },
                        "extractors" : {
                          "cpp" : [
                            {
                              "extractor_root" : "C:\\Users\\minhd\\OneDrive\\Desktop\\NCKHKT\\codeql-win64\\codeql\\cpp",
                              "extractor_options" : { }
                            }
                          ],
                          "csharp" : [
                            {
                              "extractor_root" : "C:\\Users\\minhd\\OneDrive\\Desktop\\NCKHKT\\codeql-win64\\codeql\\csharp",
                              "extractor_options" : {
                                "trap" : {
                                  "title" : "Options pertaining to TRAP.",
                                  "description" : "Options pertaining to TRAP.",
                                  "type" : "object",
                                  "properties" : {
                                    "compression" : {
                                      "title" : "Controls compression for the TRAP files written by the extractor.",
                                      "description" : "This option is only intended for use in debugging the extractor. Accepted values are 'brotli' (the default, to write brotli-compressed TRAP), 'gzip', and 'none' (to write uncompressed TRAP).\n",
                                      "type" : "string",
                                      "pattern" : "^(none|gzip|brotli)$"
                                    }
                                  }
                                },
                                "buildless" : {
                                  "title" : "DEPRECATED - Whether to use buildless (standalone) extraction.",
                                  "description" : "DEPRECATED: Use `--build-mode none` instead.\nA value indicating, which type of extraction the autobuilder should perform. If 'true', then the standalone extractor will be used, otherwise tracing extraction will be performed. The default is 'false'. Note that buildless extraction will generally yield less accurate analysis results, and should only be used in cases where it is not possible to build the code (for example if it uses inaccessible dependencies).\n",
                                  "type" : "string",
                                  "pattern" : "^(false|true)$"
                                },
                                "logging" : {
                                  "title" : "Options pertaining to logging.",
                                  "description" : "Options pertaining to logging.",
                                  "type" : "object",
                                  "properties" : {
                                    "verbosity" : {
                                      "title" : "Extractor logging verbosity level.",
                                      "description" : "Controls the level of verbosity of the extractor. The supported levels are (in order of increasing verbosity):\n  - off\n  - errors\n  - warnings\n  - info or progress\n  - debug or progress+\n  - trace or progress++\n  - progress+++\n",
                                      "type" : "string",
                                      "pattern" : "^(off|errors|warnings|(info|progress)|(debug|progress\\+)|(trace|progress\\+\\+)|progress\\+\\+\\+)$"
                                    }
                                  }
                                }
                              }
                            }
                          ],
                          "csv" : [
                            {
                              "extractor_root" : "C:\\Users\\minhd\\OneDrive\\Desktop\\NCKHKT\\codeql-win64\\codeql\\csv"
                            }
                          ],
                          "go" : [
                            {
                              "extractor_root" : "C:\\Users\\minhd\\OneDrive\\Desktop\\NCKHKT\\codeql-win64\\codeql\\go"
                            }
                          ],
                          "html" : [
                            {
                              "extractor_root" : "C:\\Users\\minhd\\OneDrive\\Desktop\\NCKHKT\\codeql-win64\\codeql\\html"
                            }
                          ],
                          "java" : [
                            {
                              "extractor_root" : "C:\\Users\\minhd\\OneDrive\\Desktop\\NCKHKT\\codeql-win64\\codeql\\java",
                              "extractor_options" : {
                                "exclude" : {
                                  "title" : "A glob excluding files from analysis.",
                                  "description" : "A glob indicating what files to exclude from the analysis.\n",
                                  "type" : "string"
                                },
                                "add_prefer_source" : {
                                  "title" : "Whether to always prefer source files over class files.",
                                  "description" : "A value indicating whether source files should be preferred over class files. If set to 'true', the extraction adds '-Xprefer:source' to the javac command line. If set to 'false', the extraction uses the default javac behavior ('-Xprefer:newer'). The default is 'true'.\n",
                                  "type" : "string",
                                  "pattern" : "^(false|true)$"
                                },
                                "buildless" : {
                                  "title" : "Whether to use buildless (standalone) extraction (experimental).",
                                  "description" : "A value indicating, which type of extraction the autobuilder should perform. If 'true', then the standalone extractor will be used, otherwise tracing extraction will be performed. The default is 'false'. Note that buildless extraction will generally yield less accurate analysis results, and should only be used in cases where it is not possible to build the code (for example if it uses inaccessible dependencies).\n",
                                  "type" : "string",
                                  "pattern" : "^(false|true)$"
                                }
                              }
                            }
                          ],
                          "javascript" : [
                            {
                              "extractor_root" : "C:\\Users\\minhd\\OneDrive\\Desktop\\NCKHKT\\codeql-win64\\codeql\\javascript",
                              "extractor_options" : {
                                "skip_types" : {
                                  "title" : "Skip type extraction for TypeScript",
                                  "description" : "Whether to skip the extraction of types in a TypeScript application",
                                  "type" : "string",
                                  "pattern" : "^(false|true)$"
                                }
                              }
                            }
                          ],
                          "properties" : [
                            {
                              "extractor_root" : "C:\\Users\\minhd\\OneDrive\\Desktop\\NCKHKT\\codeql-win64\\codeql\\properties"
                            }
                          ],
                          "python" : [
                            {
                              "extractor_root" : "C:\\Users\\minhd\\OneDrive\\Desktop\\NCKHKT\\codeql-win64\\codeql\\python",
                              "extractor_options" : {
                                "logging" : {
                                  "title" : "Options pertaining to logging.",
                                  "description" : "Options pertaining to logging.",
                                  "type" : "object",
                                  "properties" : {
                                    "verbosity" : {
                                      "title" : "Python extractor logging verbosity level.",
                                      "description" : "Controls the level of verbosity of the CodeQL Python extractor.\nThe supported levels are (in order of increasing verbosity):\n\n  - off\n  - errors\n  - warnings\n  - info or progress\n  - debug or progress+\n  - trace or progress++\n  - progress+++\n",
                                      "type" : "string",
                                      "pattern" : "^(off|errors|warnings|(info|progress)|(debug|progress\\+)|(trace|progress\\+\\+)|progress\\+\\+\\+)$"
                                    }
                                  }
                                },
                                "python_executable_name" : {
                                  "title" : "Controls the name of the Python executable used by the Python extractor.",
                                  "description" : "The Python extractor uses platform-dependent heuristics to determine the name of the Python executable to use. Specifying a value for this option overrides the name of the Python executable used by the extractor. Accepted values are py, python and python3. Use this setting with caution, the Python extractor requires Python 3 to run.\n",
                                  "type" : "string",
                                  "pattern" : "^(py|python|python3)$"
                                }
                              }
                            }
                          ],
                          "ruby" : [
                            {
                              "extractor_root" : "C:\\Users\\minhd\\OneDrive\\Desktop\\NCKHKT\\codeql-win64\\codeql\\ruby",
                              "extractor_options" : {
                                "trap" : {
                                  "title" : "Options pertaining to TRAP.",
                                  "description" : "Options pertaining to TRAP.",
                                  "type" : "object",
                                  "properties" : {
                                    "compression" : {
                                      "title" : "Controls compression for the TRAP files written by the extractor.",
                                      "description" : "This option is only intended for use in debugging the extractor. Accepted values are 'gzip' (the default, to write gzip-compressed TRAP) and 'none' (to write uncompressed TRAP).\n",
                                      "type" : "string",
                                      "pattern" : "^(none|gzip)$"
                                    }
                                  }
                                }
                              }
                            }
                          ],
                          "swift" : [
                            {
                              "extractor_root" : "C:\\Users\\minhd\\OneDrive\\Desktop\\NCKHKT\\codeql-win64\\codeql\\swift"
                            }
                          ],
                          "xml" : [
                            {
                              "extractor_root" : "C:\\Users\\minhd\\OneDrive\\Desktop\\NCKHKT\\codeql-win64\\codeql\\xml"
                            }
                          ],
                          "yaml" : [
                            {
                              "extractor_root" : "C:\\Users\\minhd\\OneDrive\\Desktop\\NCKHKT\\codeql-win64\\codeql\\yaml"
                            }
                          ]
                        }
                      }
[2024-04-19 02:09:29] [SPAMMIER] database interpret-results> Loaded the following extractors: C/C++, C#, CSV, Go, HTML, Java/Kotlin, JavaScript/TypeScript, Java Properties Files, Python, Ruby, Swift, XML, YAML
[2024-04-19 02:09:29] [PROGRESS] database interpret-results> Exporting results to SARIF...
[2024-04-19 02:09:29] [SPAMMY] database interpret-results> Interpreting results for path query py/modification-of-default-value...
[2024-04-19 02:09:29] [SPAMMIER] database interpret-results> Processed graph parents (0ms).
[2024-04-19 02:09:29] [SPAMMIER] database interpret-results> Processed graph nodes (1ms).
[2024-04-19 02:09:29] [SPAMMIER] database interpret-results> Processed graph edges (1ms).
[2024-04-19 02:09:29] [SPAMMIER] database interpret-results> Created graph (8ms).
[2024-04-19 02:09:29] [SPAMMIER] database interpret-results> Initialized subpaths (1ms).
[2024-04-19 02:09:29] [SPAMMIER] database interpret-results> Calculated subpath scopes (1ms).
[2024-04-19 02:09:29] [SPAMMIER] database interpret-results> Executing 0 path computations, each computing up to 4 different paths.
[2024-04-19 02:09:29] [SPAMMIER] database interpret-results> Processed path results (2ms).
[2024-04-19 02:09:29] [SPAMMIER] database interpret-results> Linked relevant graph parents (0ms).
[2024-04-19 02:09:29] [SPAMMY] database interpret-results> Interpreted results for path query py/modification-of-default-value (13ms).
[2024-04-19 02:09:29] [SPAMMY] database interpret-results> Found 1 baseline files for python.
[2024-04-19 02:09:29] [PROGRESS] database interpret-results> Exported results to SARIF (100ms).
[2024-04-19 02:09:29] Plumbing command codeql database interpret-results completed.
[2024-04-19 02:09:29] Exiting with code 0
